2020-03-12 16:38:06,754  INFO Gbl:63 JVM: 13.0.1; Oracle Corporation; mixed mode, sharing; 64-bit
2020-03-12 16:38:06,768  INFO Gbl:67 OS: Windows 10; 10.0; amd64
2020-03-12 16:38:06,776  INFO Gbl:70 CPU cores: 4
2020-03-12 16:38:06,777  INFO Gbl:71 max. Memory: 1024.0MB (1073741824B)
2020-03-12 16:38:06,781  INFO Gbl:109 MATSim-Build: rfb60e5ba361f2e5555974eafef84eafcc3dcc96d (2019-12-02 03:21:25)
2020-03-12 16:38:06,788  INFO ControlerListenerManagerImpl:107 calling notifyStartup on org.matsim.guice.DependencyGraphControlerListener
2020-03-12 16:38:06,811  INFO MemoryObserver:41 used RAM: 222 MB  free: 123 MB  total: 346 MB
2020-03-12 16:38:07,013  INFO ControlerListenerManagerImpl:107 calling notifyStartup on org.matsim.counts.CountsControlerListener
2020-03-12 16:38:07,020  INFO ControlerListenerManagerImpl:107 calling notifyStartup on org.matsim.analysis.ModeStatsControlerListener
2020-03-12 16:38:07,592  INFO PreProcessDijkstra:118 nodes in dead ends: 12169 (total nodes: 57650). Done in 561 ms
2020-03-12 16:38:07,599  WARN PreProcessEuclidean:59 There are links with stored length smaller than their Euclidean distance in this network. Thus, A* cannot guarantee to calculate the least-cost paths between two nodes.
2020-03-12 16:38:07,654  INFO PreProcessLandmarks:112 Putting landmarks on network...
2020-03-12 16:38:07,709  INFO LandmarkerPieSlices:96 Filling sectors...
2020-03-12 16:38:08,052  INFO LandmarkerPieSlices:107 Refining landmarks...
2020-03-12 16:38:08,070  INFO LandmarkerPieSlices:109 done
2020-03-12 16:38:08,071  INFO PreProcessLandmarks:115 done in 415 ms
2020-03-12 16:38:08,071  INFO PreProcessLandmarks:117 Initializing landmarks data
2020-03-12 16:38:08,112  INFO PreProcessLandmarks:129 Calculating distance from each node to each of the 16 landmarks using 2 threads...
2020-03-12 16:38:08,116  INFO PreProcessLandmarks:139 wait for landmarks Calculator to finish...
2020-03-12 16:38:09,859  INFO PreProcessLandmarks:161 done in 1747 ms
2020-03-12 16:38:09,866  INFO NetworkImpl:166  node # 1
2020-03-12 16:38:09,866  INFO NetworkImpl:166  node # 4
2020-03-12 16:38:09,866  INFO NetworkImpl:166  node # 16
2020-03-12 16:38:09,866  INFO NetworkImpl:166  node # 64
2020-03-12 16:38:09,867  INFO NetworkImpl:166  node # 256
2020-03-12 16:38:09,869  INFO NetworkImpl:166  node # 1024
2020-03-12 16:38:09,874  INFO NetworkImpl:166  node # 4096
2020-03-12 16:38:09,881  INFO NetworkImpl:166  node # 16384
2020-03-12 16:38:09,901  INFO NetworkImpl:162  link # 1
2020-03-12 16:38:09,901  INFO NetworkImpl:162  link # 4
2020-03-12 16:38:09,902  INFO NetworkImpl:162  link # 16
2020-03-12 16:38:09,903  INFO NetworkImpl:162  link # 64
2020-03-12 16:38:09,906  INFO NetworkImpl:162  link # 256
2020-03-12 16:38:09,915  INFO NetworkImpl:162  link # 1024
2020-03-12 16:38:09,928  INFO NetworkImpl:162  link # 4096
2020-03-12 16:38:09,984  INFO NetworkImpl:162  link # 16384
2020-03-12 16:38:10,106  INFO NetworkImpl:162  link # 65536
2020-03-12 16:38:10,434  INFO PreProcessDijkstra:118 nodes in dead ends: 12169 (total nodes: 57650). Done in 229 ms
2020-03-12 16:38:10,438  WARN PreProcessEuclidean:59 There are links with stored length smaller than their Euclidean distance in this network. Thus, A* cannot guarantee to calculate the least-cost paths between two nodes.
2020-03-12 16:38:10,475  INFO PreProcessLandmarks:112 Putting landmarks on network...
2020-03-12 16:38:10,516  INFO LandmarkerPieSlices:96 Filling sectors...
2020-03-12 16:38:10,650  INFO LandmarkerPieSlices:107 Refining landmarks...
2020-03-12 16:38:10,700  INFO LandmarkerPieSlices:109 done
2020-03-12 16:38:10,701  INFO PreProcessLandmarks:115 done in 222 ms
2020-03-12 16:38:10,712  INFO PreProcessLandmarks:117 Initializing landmarks data
2020-03-12 16:38:10,762  INFO PreProcessLandmarks:129 Calculating distance from each node to each of the 16 landmarks using 2 threads...
2020-03-12 16:38:10,767  INFO PreProcessLandmarks:139 wait for landmarks Calculator to finish...
2020-03-12 16:38:12,293  INFO PreProcessLandmarks:161 done in 1527 ms
2020-03-12 16:38:12,296  INFO ControlerListenerManagerImpl:107 calling notifyStartup on org.matsim.analysis.ScoreStatsControlerListener
2020-03-12 16:38:12,296  INFO ControlerListenerManagerImpl:107 calling notifyStartup on org.matsim.project.MyControlerListener
2020-03-12 16:38:12,297  INFO MyControlerListener:22 We're starting!
2020-03-12 16:38:12,297  INFO ControlerListenerManagerImpl:110 all ControlerStartupListeners called.
2020-03-12 16:38:12,298  INFO ControlerUtils:58 config dump before iterations start
2020-03-12 16:38:12,320  INFO ControlerUtils:62 

<?xml version="1.0" encoding="UTF-8"?>
<!DOCTYPE config SYSTEM "http://www.matsim.org/files/dtd/config_v2.dtd">
<config>
	<module name="JDEQSim" >
		<param name="carSize" value="7.5" />
		<param name="endTime" value="undefined" />
		<param name="flowCapacityFactor" value="1.0" />
		<param name="gapTravelSpeed" value="15.0" />
		<param name="minimumInFlowCapacity" value="1800.0" />
		<param name="squeezeTime" value="1800.0" />
		<param name="storageCapacityFactor" value="1.0" />
	</module>
	<module name="TimeAllocationMutator" >
		<!-- Default:true; Defines whether time mutation changes an activity's duration. -->
		<param name="mutationAffectsDuration" value="true" />
		<!-- Default:1800.0; Defines how many seconds a time mutation can maximally shift a time. -->
		<param name="mutationRange" value="1800.0" />
	</module>
	<module name="changeMode" >
		<!-- Defines whether car availability is considered be considered or not. An agent has no car only if it has no license, or never access to a car. Default: true -->
		<param name="ignoreCarAvailability" value="true" />
		<!-- Defines the mode switch behavior. Possible values [fromAllModesToSpecifiedModes, fromSpecifiedModesToSpecifiedModes] Default: fromSpecifiedModesToSpecifiedModes. -->
		<param name="modeSwitchBehavior" value="fromSpecifiedModesToSpecifiedModes" />
		<!-- Defines all the modes available, including chain-based modes, seperated by commas -->
		<param name="modes" value="car,pt" />
	</module>
	<module name="controler" >
		<!-- Compression algorithm to use when writing out data to files. Possible values: [none, gzip, lz4, zst] -->
		<param name="compressionType" value="gzip" />
		<!-- Sets whether graphs showing some analyses should automatically be generated during the simulation. The generation of graphs usually takes a small amount of time that does not have any weight in big simulations, but add a significant overhead in smaller runs or in test cases where the graphical output is not even requested. -->
		<param name="createGraphs" value="true" />
		<!-- true if at the end of a run, plans, network, config etc should be dumped to a file -->
		<param name="dumpDataAtEnd" value="true" />
		<!-- Default=false. If enabled, the router takes travel times needed for turning moves into account. Cannot be used if the (Fast)AStarLandmarks routing or TravelTimeCalculator.separateModes is enabled. -->
		<param name="enableLinkToLinkRouting" value="false" />
		<!-- Default=xml; Specifies the file format for writing events. Currently supported: xml.
		Multiple values can be specified separated by commas (','). -->
		<param name="eventsFileFormat" value="xml" />
		<!-- Default=0;  -->
		<param name="firstIteration" value="0" />
		<!-- Default=1000;  -->
		<param name="lastIteration" value="2" />
		<!-- Defines which mobility simulation will be used. Currently supported: qsim JDEQSim 
		Depending on the chosen mobsim, you'll have to add additional config modules to configure the corresponding mobsim.
		For 'qsim', add a module 'qsim' to the config. -->
		<param name="mobsim" value="qsim" />
		<param name="outputDirectory" value="./output02" />
		<!-- Possible values: failIfDirectoryExists, overwriteExistingFiles, deleteDirectoryIfExists -->
		<param name="overwriteFiles" value="failIfDirectoryExists" />
		<!-- The type of routing (least cost path) algorithm used, may have the values: Dijkstra, FastDijkstra, AStarLandmarks or FastAStarLandmarks -->
		<param name="routingAlgorithmType" value="AStarLandmarks" />
		<!-- An identifier for the current run which is used as prefix for output files and mentioned in output xml files etc. -->
		<param name="runId" value="null" />
		<!-- Comma-separated list of visualizer output file formats. `transims', `googleearth', and `otfvis'. -->
		<param name="snapshotFormat" value="" />
		<!-- iterationNumber % writeEventsInterval == 0 defines in which iterations events are written to a file. `0' disables events writing completely. -->
		<param name="writeEventsInterval" value="10" />
		<!-- iterationNumber % writePlansInterval == 0 defines (hopefully) in which iterations plans are written to a file. `0' disables plans writing completely.  Some plans in early iterations are always written -->
		<param name="writePlansInterval" value="10" />
		<!-- iterationNumber % writeSnapshotsInterval == 0 defines in which iterations snapshots are written to a file. `0' disables snapshots writing completely -->
		<param name="writeSnapshotsInterval" value="1" />
	</module>
	<module name="counts" >
		<!-- Transport modes that will be respected for the counts comparison. 'car' is default, which includes also bussed from the pt simulation module. Use this parameter in combination with 'filterModes' = true! -->
		<param name="analyzedModes" value="car" />
		<!-- Specifies over how many iterations the link volumes should be averaged that are used for the counts comparison. Use 1 or 0 to only use the link volumes of a single iteration. This values cannot be larger than the value specified for writeCountsInterval -->
		<param name="averageCountsOverIterations" value="5" />
		<!-- factor by which to re-scale the simulated values.  necessary when simulation runs with something different from 100%.  needs to be adapted manually -->
		<param name="countsScaleFactor" value="1.0" />
		<!-- distance to distanceFilterCenterNode to include counting stations. The unit of distance is the Euclidean distance implied by the coordinate system -->
		<param name="distanceFilter" value="null" />
		<!-- node id for center node of distance filter -->
		<param name="distanceFilterCenterNode" value="null" />
		<!-- If true, link counts from legs performed on modes not included in the 'analyzedModes' parameter are ignored. -->
		<param name="filterModes" value="false" />
		<!-- The Coordinates Reference System in which the coordinates are expressed in the input file. At import, the coordinates will be converted to the coordinate system defined in "global", and willbe converted back at export. If not specified, no conversion happens. -->
		<param name="inputCRS" value="null" />
		<!-- input file name to counts package -->
		<param name="inputCountsFile" value="null" />
		<!-- possible values: `html', `kml', `txt', `all' -->
		<param name="outputformat" value="txt" />
		<!-- Specifies how often the counts comparison should be calculated and written. -->
		<param name="writeCountsInterval" value="10" />
	</module>
	<module name="facilities" >
		<!-- This defines how facilities should be created. Possible values: none fromFile setInScenario onePerActivityLinkInPlansFile onePerActivityLocationInPlansFile  -->
		<param name="facilitiesSource" value="none" />
		<!-- A prefix to be used for auto-generated IDs. -->
		<param name="idPrefix" value="f_auto_" />
		<!-- The Coordinates Reference System in which the coordinates are expressed in the input file. At import, the coordinates will be converted to the coordinate system defined in "global", and willbe converted back at export. If not specified, no conversion happens. -->
		<param name="inputCRS" value="null" />
		<param name="inputFacilitiesFile" value="null" />
		<param name="inputFacilityAttributesFile" value="null" />
		<param name="insistingOnUsingDeprecatedFacilitiesAttributeFile" value="false" />
	</module>
	<module name="global" >
		<param name="coordinateSystem" value="Mercator" />
		<param name="insistingOnDeprecatedConfigVersion" value="true" />
		<!-- "global" number of threads.  This number is used, e.g., for replanning, but NOT in the mobsim.  This can typically be set to as many cores as you have available, or possibly even slightly more. -->
		<param name="numberOfThreads" value="2" />
		<param name="randomSeed" value="4711" />
	</module>
	<module name="households" >
		<param name="inputFile" value="null" />
		<param name="inputHouseholdAttributesFile" value="null" />
		<param name="insistingOnUsingDeprecatedHouseholdsAttributeFile" value="false" />
	</module>
	<module name="linkStats" >
		<!-- Specifies over how many iterations the link volumes should be averaged that are used for the link statistics. Use 1 or 0 to only use the link volumes of a single iteration. This values cannot be larger than the value specified for writeLinkStatsInterval -->
		<param name="averageLinkStatsOverIterations" value="5" />
		<!-- Specifies how often the link stats should be calculated and written. Use 0 to disable the generation of link stats. -->
		<param name="writeLinkStatsInterval" value="10" />
	</module>
	<module name="network" >
		<!-- The Coordinates Reference System in which the coordinates are expressed in the input file. At import, the coordinates will be converted to the coordinate system defined in "global", and willbe converted back at export. If not specified, no conversion happens. -->
		<param name="inputCRS" value="null" />
		<param name="inputChangeEventsFile" value="null" />
		<param name="inputNetworkFile" value="network.xml" />
		<param name="laneDefinitionsFile" value="null" />
		<param name="timeVariantNetwork" value="false" />
	</module>
	<module name="parallelEventHandling" >
		<!-- Estimated number of events during mobsim run. An optional optimization hint for the framework. -->
		<param name="estimatedNumberOfEvents" value="null" />
		<!-- Number of threads for parallel events handler. _null_ means the framework decides by itself. 0 is currently not possible. -->
		<param name="numberOfThreads" value="null" />
		<!-- If enabled, each event handler is assigned to its own thread. Note that enabling this feature disabled the numberOfThreads option! This feature is still experimental! -->
		<param name="oneThreadPerHandler" value="false" />
		<!-- If enabled, it is ensured that all events that are created during a time step of the mobility simulation are processed before the next time step is simulated. E.g. neccessary when within-day replanning is used. -->
		<param name="synchronizeOnSimSteps" value="true" />
	</module>
	<module name="planCalcScore" >
		<!-- logit model scale parameter. default: 1.  Has name and default value for historical reasons (see Bryan Raney's phd thesis). -->
		<param name="BrainExpBeta" value="2.0" />
		<param name="PathSizeLogitBeta" value="1.0" />
		<!-- fraction of iterations at which MSA score averaging is started. The matsim theory department suggests to use this together with switching off choice set innovation (where a similar switch exists), but it has not been tested yet. -->
		<param name="fractionOfIterationsToStartScoreMSA" value="null" />
		<!-- new_score = (1-learningRate)*old_score + learningRate * score_from_mobsim.  learning rates close to zero emulate score averaging, but slow down initial convergence -->
		<param name="learningRate" value="1.0" />
		<!-- There used to be a plateau between duration=0 and duration=zeroUtilityDuration. This caused durations to evolve to zero once they were below zeroUtilityDuration, causing problems.  Only use this switch if you need to be backwards compatible with some old results.  (changed nov'13) -->
		<param name="usingOldScoringBelowZeroUtilityDuration" value="false" />
		<!-- write a plans file in each iteration directory which contains what each agent actually did, and the score it received. -->
		<param name="writeExperiencedPlans" value="false" />
		<parameterset type="scoringParameters" >
			<param name="earlyDeparture" value="-0.0" />
			<param name="lateArrival" value="-18.0" />
			<param name="marginalUtilityOfMoney" value="1.0" />
			<param name="performing" value="6.0" />
			<param name="subpopulation" value="null" />
			<param name="utilityOfLineSwitch" value="-1.0" />
			<param name="waiting" value="-0.0" />
			<param name="waitingPt" value="-6.0" />
			<parameterset type="activityParams" >
				<param name="activityType" value="dummy" />
				<param name="closingTime" value="undefined" />
				<param name="earliestEndTime" value="undefined" />
				<param name="latestStartTime" value="undefined" />
				<param name="minimalDuration" value="undefined" />
				<param name="openingTime" value="undefined" />
				<param name="priority" value="1.0" />
				<param name="scoringThisActivityAtAll" value="true" />
				<!-- typical duration of activity.  needs to be defined and non-zero.  in sec. -->
				<param name="typicalDuration" value="02:00:00" />
				<!-- method to compute score at typical duration.  Options: | uniform | relative | Use uniform for backwards compatibility (all activities same score; higher proba to drop long acts). -->
				<param name="typicalDurationScoreComputation" value="relative" />
			</parameterset>
			<parameterset type="activityParams" >
				<param name="activityType" value="car interaction" />
				<param name="closingTime" value="undefined" />
				<param name="earliestEndTime" value="undefined" />
				<param name="latestStartTime" value="undefined" />
				<param name="minimalDuration" value="undefined" />
				<param name="openingTime" value="undefined" />
				<param name="priority" value="1.0" />
				<param name="scoringThisActivityAtAll" value="false" />
				<param name="typicalDuration" value="undefined" />
				<param name="typicalDurationScoreComputation" value="relative" />
			</parameterset>
			<parameterset type="activityParams" >
				<param name="activityType" value="pt interaction" />
				<param name="closingTime" value="undefined" />
				<param name="earliestEndTime" value="undefined" />
				<param name="latestStartTime" value="undefined" />
				<param name="minimalDuration" value="undefined" />
				<param name="openingTime" value="undefined" />
				<param name="priority" value="1.0" />
				<param name="scoringThisActivityAtAll" value="false" />
				<param name="typicalDuration" value="undefined" />
				<param name="typicalDurationScoreComputation" value="relative" />
			</parameterset>
			<parameterset type="activityParams" >
				<param name="activityType" value="bike interaction" />
				<param name="closingTime" value="undefined" />
				<param name="earliestEndTime" value="undefined" />
				<param name="latestStartTime" value="undefined" />
				<param name="minimalDuration" value="undefined" />
				<param name="openingTime" value="undefined" />
				<param name="priority" value="1.0" />
				<param name="scoringThisActivityAtAll" value="false" />
				<param name="typicalDuration" value="undefined" />
				<param name="typicalDurationScoreComputation" value="relative" />
			</parameterset>
			<parameterset type="activityParams" >
				<param name="activityType" value="drt interaction" />
				<param name="closingTime" value="undefined" />
				<param name="earliestEndTime" value="undefined" />
				<param name="latestStartTime" value="undefined" />
				<param name="minimalDuration" value="undefined" />
				<param name="openingTime" value="undefined" />
				<param name="priority" value="1.0" />
				<param name="scoringThisActivityAtAll" value="false" />
				<param name="typicalDuration" value="undefined" />
				<param name="typicalDurationScoreComputation" value="relative" />
			</parameterset>
			<parameterset type="activityParams" >
				<param name="activityType" value="taxi interaction" />
				<param name="closingTime" value="undefined" />
				<param name="earliestEndTime" value="undefined" />
				<param name="latestStartTime" value="undefined" />
				<param name="minimalDuration" value="undefined" />
				<param name="openingTime" value="undefined" />
				<param name="priority" value="1.0" />
				<param name="scoringThisActivityAtAll" value="false" />
				<param name="typicalDuration" value="undefined" />
				<param name="typicalDurationScoreComputation" value="relative" />
			</parameterset>
			<parameterset type="activityParams" >
				<param name="activityType" value="other interaction" />
				<param name="closingTime" value="undefined" />
				<param name="earliestEndTime" value="undefined" />
				<param name="latestStartTime" value="undefined" />
				<param name="minimalDuration" value="undefined" />
				<param name="openingTime" value="undefined" />
				<param name="priority" value="1.0" />
				<param name="scoringThisActivityAtAll" value="false" />
				<param name="typicalDuration" value="undefined" />
				<param name="typicalDurationScoreComputation" value="relative" />
			</parameterset>
			<parameterset type="activityParams" >
				<param name="activityType" value="walk interaction" />
				<param name="closingTime" value="undefined" />
				<param name="earliestEndTime" value="undefined" />
				<param name="latestStartTime" value="undefined" />
				<param name="minimalDuration" value="undefined" />
				<param name="openingTime" value="undefined" />
				<param name="priority" value="1.0" />
				<param name="scoringThisActivityAtAll" value="false" />
				<param name="typicalDuration" value="undefined" />
				<param name="typicalDurationScoreComputation" value="relative" />
			</parameterset>
			<parameterset type="activityParams" >
				<param name="activityType" value="h" />
				<param name="closingTime" value="undefined" />
				<param name="earliestEndTime" value="undefined" />
				<param name="latestStartTime" value="undefined" />
				<param name="minimalDuration" value="08:00:00" />
				<param name="openingTime" value="undefined" />
				<param name="priority" value="1.0" />
				<param name="scoringThisActivityAtAll" value="true" />
				<param name="typicalDuration" value="12:00:00" />
				<param name="typicalDurationScoreComputation" value="relative" />
			</parameterset>
			<parameterset type="activityParams" >
				<param name="activityType" value="w" />
				<param name="closingTime" value="18:00:00" />
				<param name="earliestEndTime" value="undefined" />
				<param name="latestStartTime" value="09:00:00" />
				<param name="minimalDuration" value="06:00:00" />
				<param name="openingTime" value="07:00:00" />
				<param name="priority" value="1.0" />
				<param name="scoringThisActivityAtAll" value="true" />
				<param name="typicalDuration" value="08:00:00" />
				<param name="typicalDurationScoreComputation" value="relative" />
			</parameterset>
			<parameterset type="modeParams" >
				<!-- [utils] alternative-specific constant.  Normally per trip, but that is probably buggy for multi-leg trips. -->
				<param name="constant" value="0.0" />
				<!-- [money] daily monetary constant. default=0 to be backwards compatible -->
				<param name="dailyMonetaryConstant" value="0.0" />
				<!-- [utils] daily utility constant. default=0 to be backwards compatible -->
				<param name="dailyUtilityConstant" value="0.0" />
				<!-- [utils/m] utility of traveling (e.g. walking or driving) per m, normally negative.  this is on top of the time (dis)utility. -->
				<param name="marginalUtilityOfDistance_util_m" value="0.0" />
				<!-- [utils/hr] additional marginal utility of traveling.  normally negative.  this comes on top of the opportunity cost of time -->
				<param name="marginalUtilityOfTraveling_util_hr" value="-6.0" />
				<param name="mode" value="car" />
				<!-- [unit_of_money/m] conversion of distance into money. Normally negative. -->
				<param name="monetaryDistanceRate" value="0.0" />
			</parameterset>
			<parameterset type="modeParams" >
				<param name="constant" value="0.0" />
				<param name="dailyMonetaryConstant" value="0.0" />
				<param name="dailyUtilityConstant" value="0.0" />
				<param name="marginalUtilityOfDistance_util_m" value="0.0" />
				<param name="marginalUtilityOfTraveling_util_hr" value="-6.0" />
				<param name="mode" value="pt" />
				<param name="monetaryDistanceRate" value="0.0" />
			</parameterset>
			<parameterset type="modeParams" >
				<param name="constant" value="0.0" />
				<param name="dailyMonetaryConstant" value="0.0" />
				<param name="dailyUtilityConstant" value="0.0" />
				<param name="marginalUtilityOfDistance_util_m" value="0.0" />
				<param name="marginalUtilityOfTraveling_util_hr" value="-6.0" />
				<param name="mode" value="walk" />
				<param name="monetaryDistanceRate" value="0.0" />
			</parameterset>
			<parameterset type="modeParams" >
				<param name="constant" value="0.0" />
				<param name="dailyMonetaryConstant" value="0.0" />
				<param name="dailyUtilityConstant" value="0.0" />
				<param name="marginalUtilityOfDistance_util_m" value="0.0" />
				<param name="marginalUtilityOfTraveling_util_hr" value="-6.0" />
				<param name="mode" value="bike" />
				<param name="monetaryDistanceRate" value="0.0" />
			</parameterset>
			<parameterset type="modeParams" >
				<param name="constant" value="0.0" />
				<param name="dailyMonetaryConstant" value="0.0" />
				<param name="dailyUtilityConstant" value="0.0" />
				<param name="marginalUtilityOfDistance_util_m" value="0.0" />
				<param name="marginalUtilityOfTraveling_util_hr" value="-6.0" />
				<param name="mode" value="ride" />
				<param name="monetaryDistanceRate" value="0.0" />
			</parameterset>
			<parameterset type="modeParams" >
				<param name="constant" value="0.0" />
				<param name="dailyMonetaryConstant" value="0.0" />
				<param name="dailyUtilityConstant" value="0.0" />
				<param name="marginalUtilityOfDistance_util_m" value="0.0" />
				<param name="marginalUtilityOfTraveling_util_hr" value="-6.0" />
				<param name="mode" value="other" />
				<param name="monetaryDistanceRate" value="0.0" />
			</parameterset>
		</parameterset>
	</module>
	<module name="plans" >
		<!-- String: minOfDurationAndEndTime tryEndTimeThenDuration endTimeOnly. Anything besides minOfDurationAndEndTime will internally use a different (simpler) version of the TimeAllocationMutator. -->
		<param name="activityDurationInterpretation" value="tryEndTimeThenDuration" />
		<!-- The Coordinates Reference System in which the coordinates are expressed in the input file. At import, the coordinates will be converted to the coordinate system defined in "global", and willbe converted back at export. If not specified, no conversion happens. -->
		<param name="inputCRS" value="null" />
		<param name="inputPersonAttributesFile" value="null" />
		<param name="inputPlansFile" value="plans100.xml" />
		<param name="insistingOnUsingDeprecatedPersonAttributeFile" value="false" />
		<!-- Defines how routes are stored in memory. Currently supported: LinkNetworkRoute, CompressedNetworkRoute. -->
		<param name="networkRouteType" value="LinkNetworkRoute" />
		<!-- (not tested) will remove plan attributes that are presumably not used, such as activityStartTime. default=false. Use with Caution! -->
		<param name="removingUnnecessaryPlanAttributes" value="false" />
		<!-- Name of the (Object)Attribute defining the subpopulation to which pertains a Person (as freight, through traffic, etc.). The attribute must be of String type.  Change away from default only in desperate situations. -->
		<param name="subpopulationAttributeName" value="subpopulation" />
	</module>
	<module name="planscalcroute" >
		<!-- Some typical teleportation routing params are set by default, such as for walk and bike.  Setting this switch to "true" will clear them.  Note that this will also clear settings for helper modes such as for non_network_walk -->
		<param name="clearDefaultTeleportedModeParams" value="false" />
		<!-- All the modes for which the router is supposed to generate network routes (like car) -->
		<param name="networkModes" value="car" />
		<!-- strength of the randomness for the utility of money in routing under toll.  Leads to Pareto-optimal route with randomly drawn money-vs-other-attributes tradeoff. Technically the width parameter of a log-normal distribution. 3.0 seems to be a good value.  -->
		<param name="routingRandomness" value="3.0" />
		<parameterset type="teleportedModeParameters" >
			<param name="beelineDistanceFactor" value="1.3" />
			<param name="mode" value="bike" />
			<!-- Free-speed factor for a teleported mode. Travel time = teleportedModeFreespeedFactor * <freespeed car travel time>. Insert a line like this for every such mode. Please do not set teleportedModeFreespeedFactor as well as teleportedModeSpeed for the same mode, but if you do, +teleportedModeFreespeedFactor wins over teleportedModeSpeed. -->
			<param name="teleportedModeFreespeedFactor" value="null" />
			<!-- Speed for a teleported mode. Travel time = (<beeline distance> * beelineDistanceFactor) / teleportedModeSpeed. Insert a line like this for every such mode. -->
			<param name="teleportedModeSpeed" value="4.166666666666667" />
		</parameterset>
		<parameterset type="teleportedModeParameters" >
			<param name="beelineDistanceFactor" value="1.3" />
			<param name="mode" value="walk" />
			<param name="teleportedModeFreespeedFactor" value="null" />
			<param name="teleportedModeSpeed" value="0.8333333333333333" />
		</parameterset>
		<parameterset type="teleportedModeParameters" >
			<param name="beelineDistanceFactor" value="1.3" />
			<param name="mode" value="non_network_walk" />
			<param name="teleportedModeFreespeedFactor" value="null" />
			<param name="teleportedModeSpeed" value="0.8333333333333333" />
		</parameterset>
		<parameterset type="teleportedModeParameters" >
			<param name="beelineDistanceFactor" value="1.3" />
			<param name="mode" value="ride" />
			<param name="teleportedModeFreespeedFactor" value="1.0" />
			<param name="teleportedModeSpeed" value="null" />
		</parameterset>
		<parameterset type="teleportedModeParameters" >
			<param name="beelineDistanceFactor" value="1.3" />
			<param name="mode" value="pt" />
			<param name="teleportedModeFreespeedFactor" value="2.0" />
			<param name="teleportedModeSpeed" value="null" />
		</parameterset>
	</module>
	<module name="ptCounts" >
		<!-- factor by which to re-scale the simulated values.  necessary when simulation runs with something different from 100%.  needs to be adapted manually -->
		<param name="countsScaleFactor" value="1.0" />
		<!-- distance to distanceFilterCenterNode to include counting stations. The unit of distance is the Euclidean distance implied by the coordinate system -->
		<param name="distanceFilter" value="null" />
		<!-- node id for center node of distance filter -->
		<param name="distanceFilterCenterNode" value="null" />
		<!-- input file containing the alighting (getting off) counts for pt -->
		<param name="inputAlightCountsFile" value="null" />
		<!-- input file containing the boarding (getting on) counts for pt -->
		<param name="inputBoardCountsFile" value="null" />
		<!-- input file containing the occupancy counts for pt -->
		<param name="inputOccupancyCountsFile" value="null" />
		<!-- possible values: `html', `kml', `txt', `all' -->
		<param name="outputformat" value="null" />
		<!-- every how many iterations (starting with 0) counts comparisons are generated -->
		<param name="ptCountsInterval" value="10" />
	</module>
	<module name="qsim" >
		<param name="endTime" value="00:00:00" />
		<param name="flowCapacityFactor" value="1.0" />
		<!-- decides if waiting vehicles enter the network after or before the already driving vehicles were moved. Default: false -->
		<param name="insertingWaitingVehiclesBeforeDrivingVehicles" value="true" />
		<!-- If link dynamics is set as SeepageQ, set to false if all seep modes should perform seepage. Default is true (better option). -->
		<param name="isRestrictingSeepage" value="true" />
		<!-- If link dynamics is set as SeepageQ, set to true if seep mode do not consumes any space on the link. Default is false. -->
		<param name="isSeepModeStorageFree" value="false" />
		<!-- default: FIFO; options: FIFO PassingQ SeepageQ -->
		<param name="linkDynamics" value="FIFO" />
		<!-- The (initial) width of the links of the network. Use positive floating point values. This is used only for visualisation. -->
		<param name="linkWidth" value="30.0" />
		<!-- [comma-separated list] Defines which modes are congested modes. Technically, these are the modes that the departure handler of the netsimengine handles.  Effective cell size, effective lane width, flow capacity factor, and storage capacity factor need to be set with diligence.  Need to be vehicular modes to make sense. -->
		<param name="mainMode" value="car" />
		<!-- Shortens a link in the visualization, i.e. its start and end point are moved into towards the center. Does not affect traffic flow.  -->
		<param name="nodeOffset" value="0.0" />
		<!-- Number of threads used for the QSim.  Note that this setting is independent from the "global" threads setting.  In contrast to earlier versions, the non-parallel special version is no longer there. -->
		<param name="numberOfThreads" value="1" />
		<!-- Boolean. `true': stuck vehicles are removed, aborting the plan; `false': stuck vehicles are forced into the next link. `false' is probably the better choice. -->
		<param name="removeStuckVehicles" value="false" />
		<!-- If link dynamics is set as SeepageQ, set a seep mode. Default is bike. -->
		<param name="seepMode" value="bike" />
		<!-- Possible values: minOfEndtimeAndMobsimFinished, onlyUseEndtime -->
		<param name="simEndtimeInterpretation" value="null" />
		<!-- Options: maxOfStarttimeAndEarliestActivityEnd onlyUseStarttime  -->
		<param name="simStarttimeInterpretation" value="maxOfStarttimeAndEarliestActivityEnd" />
		<!-- snapshotStyle. One of: equiDist queue withHoles withHolesAndShowHoles kinematicWaves  -->
		<param name="snapshotStyle" value="equiDist" />
		<param name="snapshotperiod" value="00:00:00" />
		<param name="startTime" value="00:00:00" />
		<param name="storageCapacityFactor" value="1.0" />
		<!-- time in seconds.  Time after which the frontmost vehicle on a link is called `stuck' if it does not move. -->
		<param name="stuckTime" value="10.0" />
		<param name="timeStepSize" value="00:00:01" />
		<!-- options: queue withHoles kinematicWaves  -->
		<param name="trafficDynamics" value="queue" />
		<!-- Set this parameter to true if lanes should be used, false if not. -->
		<param name="useLanes" value="false" />
		<!-- If a route does not reference a vehicle, agents will use the vehicle with the same id as their own. -->
		<param name="usePersonIdForMissingVehicleId" value="true" />
		<!-- If false, the qsim accumulates fractional flows up to one flow unit in every time step.  If true, flows are updated only if an agent wants to enter the link or an agent is added to buffer. Default is true. -->
		<param name="usingFastCapacityUpdate" value="true" />
		<!-- if the qsim should use as many runners as there are threads (Christoph's dissertation version) or more of them, together with a thread pool (seems to be faster in some situations, but is not tested). -->
		<param name="usingThreadpool" value="true" />
		<!-- Defines what happens if an agent wants to depart, but the specified vehicle is not available. One of: teleport wait exception  -->
		<param name="vehicleBehavior" value="teleport" />
		<!-- If vehicles should all be the same default vehicle, or come from the vehicles file, or something else.  Possible values:  defaultVehicle modeVehicleTypesFromVehiclesData fromVehiclesData -->
		<param name="vehiclesSource" value="defaultVehicle" />
	</module>
	<module name="strategy" >
		<!-- the external executable will be called with a config file as argument.  This is the pathname to a possible skeleton config, to which additional information will be added.  Can be null. -->
		<param name="ExternalExeConfigTemplate" value="null" />
		<!-- time out value (in seconds) after which matsim will consider the external strategy as failed -->
		<param name="ExternalExeTimeOut" value="3600" />
		<!-- root directory for temporary files generated by the external executable. Provided as a service; I don't think this is used by MATSim. -->
		<param name="ExternalExeTmpFileRootDir" value="null" />
		<!-- fraction of iterations where innovative strategies are switched off.  Something like 0.8 should be good.  E.g. if you run from iteration 400 to iteration 500, innovation is switched off at iteration 480 -->
		<param name="fractionOfIterationsToDisableInnovation" value="Infinity" />
		<!-- maximum number of plans per agent.  ``0'' means ``infinity''.  Currently (2010), ``5'' is a good number -->
		<param name="maxAgentPlanMemorySize" value="5" />
		<!-- strategyName of PlanSelector for plans removal.  Possible defaults: WorstPlanSelector SelectRandom SelectExpBetaForRemoval ChangeExpBetaForRemoval PathSizeLogitSelectorForRemoval . The current default, WorstPlanSelector is not a good choice from a discrete choice theoretical perspective. Alternatives, however, have not been systematically tested. kai, feb'12 -->
		<param name="planSelectorForRemoval" value="WorstPlanSelector" />
		<parameterset type="strategysettings" >
			<!-- iteration after which strategy will be disabled.  most useful for ``innovative'' strategies (new routes, new times, ...). Normally, better use fractionOfIterationsToDisableInnovation -->
			<param name="disableAfterIteration" value="-1" />
			<!-- path to external executable (if applicable) -->
			<param name="executionPath" value="null" />
			<!-- strategyName of strategy.  Possible default names: SelectRandomBestScoreKeepLastSelectedChangeExpBetaSelectExpBetaSelectPathSizeLogit (selectors), ReRouteTimeAllocationMutatorTimeAllocationMutator_ReRouteChangeSingleTripModeChangeTripModeSubtourModeChoice (innovative strategies). -->
			<param name="strategyName" value="BestScore" />
			<!-- subpopulation to which the strategy applies. "null" refers to the default population, that is, the set of persons for which no explicit subpopulation is defined (ie no subpopulation attribute) -->
			<param name="subpopulation" value="null" />
			<!-- weight of a strategy: for each agent, a strategy will be selected with a probability proportional to its weight -->
			<param name="weight" value="0.9" />
		</parameterset>
		<parameterset type="strategysettings" >
			<param name="disableAfterIteration" value="-1" />
			<param name="executionPath" value="null" />
			<param name="strategyName" value="ReRoute" />
			<param name="subpopulation" value="null" />
			<param name="weight" value="0.1" />
		</parameterset>
	</module>
	<module name="subtourModeChoice" >
		<!-- Only for backwards compatibility.  Defines if only trips from modes list should change mode, or all trips.  Options: fromAllModesToSpecifiedModes fromSpecifiedModesToSpecifiedModes  -->
		<param name="behavior" value="fromSpecifiedModesToSpecifiedModes" />
		<!-- Defines the chain-based modes, seperated by commas -->
		<param name="chainBasedModes" value="car,bike" />
		<!-- Defines whether car availability must be considered or not. A agent has no car only if it has no license, or never access to a car -->
		<param name="considerCarAvailability" value="false" />
		<!-- Defines all the modes available, including chain-based modes, seperated by commas -->
		<param name="modes" value="car,pt,bike,walk" />
	</module>
	<module name="transit" >
		<!-- The Coordinates Reference System in which the coordinates are expressed in the input file. At import, the coordinates will be converted to the coordinate system defined in "global", and willbe converted back at export. If not specified, no conversion happens. -->
		<param name="inputScheduleCRS" value="null" />
		<param name="insistingOnUsingDeprecatedAttributeFiles" value="false" />
		<!-- Optional input file containing additional attributes for transit lines, stored as ObjectAttributes. -->
		<param name="transitLinesAttributesFile" value="null" />
		<!-- Comma-separated list of transportation modes that are handled as transit. Defaults to 'pt'. -->
		<param name="transitModes" value="pt" />
		<!-- Input file containing the transit schedule to be simulated. -->
		<param name="transitScheduleFile" value="null" />
		<!-- Optional input file containing additional attributes for transit stop facilities, stored as ObjectAttributes. -->
		<param name="transitStopsAttributesFile" value="null" />
		<!-- Set this parameter to true if transit should be simulated, false if not. -->
		<param name="useTransit" value="false" />
		<!-- Input file containing the vehicles used by the departures in the transit schedule. -->
		<param name="vehiclesFile" value="null" />
	</module>
	<module name="transitRouter" >
		<!-- additional time the router allocates when a line switch happens. Can be interpreted as a 'safety' time that agents need to safely transfer from one line to another -->
		<param name="additionalTransferTime" value="0.0" />
		<!-- Factor with which direct walk generalized cost is multiplied before it is compared to the pt generalized cost.  Set to a very high value to reduce direct walk results. -->
		<param name="directWalkFactor" value="1.0" />
		<!-- step size to increase searchRadius if no stops are found -->
		<param name="extensionRadius" value="200.0" />
		<!-- maximum beeline distance between stops that agents could transfer to by walking -->
		<param name="maxBeelineWalkConnectionDistance" value="100.0" />
		<!-- the radius in which stop locations are searched, given a start or target coordinate -->
		<param name="searchRadius" value="1000.0" />
	</module>
	<module name="travelTimeCalculator" >
		<!-- (only for backwards compatibility; only used if separateModes==false && + filterModes==true)  Transport modes that will be respected by the travel time collector. 'car' is default which includes also buses from the pt simulation module. -->
		<param name="analyzedModes" value="car" />
		<param name="calculateLinkToLinkTravelTimes" value="false" />
		<param name="calculateLinkTravelTimes" value="true" />
		<!-- (only for backwards compatiblity; only used if separateModes==false)  Only modes included in analyzedModes are included. -->
		<param name="filterModes" value="false" />
		<!-- The lenght (in sec) of the time period that is splited into time bins; an additional time bin is created to aggregate all travel times collected after maxTime -->
		<param name="maxTime" value="108000" />
		<!-- (only for backwards compatibility) If false, link travel times are measured and aggregated over all vehicles using the link. -->
		<param name="separateModes" value="true" />
		<!-- How to deal with congested time bins that have no link entry events. `optimistic' assumes free speed (too optimistic); 'experimental_LastMile' is experimental and probably too pessimistic. -->
		<param name="travelTimeAggregator" value="optimistic" />
		<!-- The size of the time bin (in sec) into which the link travel times are aggregated for the router -->
		<param name="travelTimeBinSize" value="900" />
		<!-- possible values: TravelTimeCalculatorArray TravelTimeCalculatorHashMap  -->
		<param name="travelTimeCalculator" value="TravelTimeCalculatorArray" />
		<!-- How to deal with link entry times at different positions during the time bin. Currently supported: average, linearinterpolation -->
		<param name="travelTimeGetter" value="average" />
	</module>
	<module name="vehicles" >
		<param name="vehiclesFile" value="null" />
	</module>
	<module name="vspExperimental" >
		<!-- (do not use except of you have to) There was a problem with pt interaction scoring.  Some people solved it by overwriting the parameters of the pt interaction activity type.  Doing this now throws an Exception.  If you still insist on doing this, set the following to true. -->
		<param name="isAbleToOverwritePtInteractionParams" value="false" />
		<param name="isGeneratingBoardingDeniedEvent" value="false" />
		<!-- if an approximation of the opportunity cost of time is included into the radius calculation for location choice.`true' will be faster, but it is an approximation.  Default is `true'; `false' is available for backwards compatibility. -->
		<param name="isUsingOpportunityCostOfTimeForLocationChoice" value="true" />
		<param name="logitScaleParamForPlansRemoval" value="1.0" />
		<!-- Options: | ignore | info | warn | abort | .  When violating VSP defaults, this results in nothing, logfile infos, logfile warnings, or aborts.  Members of VSP should use `abort' or talk to kai. -->
		<param name="vspDefaultsCheckingLevel" value="ignore" />
		<!-- if true then writes output_events in output directory.  default is `false'. Will only work when lastIteration is multiple of events writing interval -->
		<param name="writingOutputEvents" value="true" />
	</module>

</config>

2020-03-12 16:38:12,415  INFO ControlerUtils:63 Complete config dump done.
2020-03-12 16:38:12,415  INFO ControlerUtils:64 Checking consistency of config...
2020-03-12 16:38:12,416  INFO VspConfigConsistencyCheckerImpl:58 NOT running vsp config consistency check because vsp defaults checking level is set to IGNORE
2020-03-12 16:38:12,442  INFO ControlerUtils:66 Checking consistency of config done.
2020-03-12 16:38:12,444  INFO PrepareForSimImpl:98 Network seems to be multimodal. Create car-only network which is handed over to PersonPrepareForSim.
2020-03-12 16:38:12,445  INFO NetworkImpl:166  node # 1
2020-03-12 16:38:12,445  INFO NetworkImpl:166  node # 4
2020-03-12 16:38:12,445  INFO NetworkImpl:166  node # 16
2020-03-12 16:38:12,445  INFO NetworkImpl:166  node # 64
2020-03-12 16:38:12,446  INFO NetworkImpl:166  node # 256
2020-03-12 16:38:12,446  INFO NetworkImpl:166  node # 1024
2020-03-12 16:38:12,447  INFO NetworkImpl:166  node # 4096
2020-03-12 16:38:12,451  INFO NetworkImpl:166  node # 16384
2020-03-12 16:38:12,492  INFO NetworkImpl:162  link # 1
2020-03-12 16:38:12,497  INFO NetworkImpl:162  link # 4
2020-03-12 16:38:12,502  INFO NetworkImpl:162  link # 16
2020-03-12 16:38:12,507  INFO NetworkImpl:162  link # 64
2020-03-12 16:38:12,513  INFO NetworkImpl:162  link # 256
2020-03-12 16:38:12,522  INFO NetworkImpl:162  link # 1024
2020-03-12 16:38:12,541  INFO NetworkImpl:162  link # 4096
2020-03-12 16:38:12,578  INFO NetworkImpl:162  link # 16384
2020-03-12 16:38:12,732  INFO NetworkImpl:162  link # 65536
2020-03-12 16:38:12,826  WARN PrepareForSimImpl:191 'usePersonIdForMissingVehicleId' is deprecated. It will be removed soon.
2020-03-12 16:38:12,832  INFO Counter:69 [VehiclesImpl] added vehicle # 1
2020-03-12 16:38:13,012  INFO NetworkImpl:425 building QuadTree for nodes: xrange(943000.7110643875,1907011.3673890862); yrange(5689137.498197604,7203740.018123666)
2020-03-12 16:38:13,256  INFO NetworkImpl:434 Building QuadTree took 0.281 seconds.
2020-03-12 16:38:13,565  INFO Counter:69 [PersonPrepareForSim] handled person # 1
2020-03-12 16:38:13,570  INFO Counter:74 [PersonPrepareForSim] handled person # 1
2020-03-12 16:38:13,624  INFO AbstractController:124 ###################################################
2020-03-12 16:38:13,629  INFO AbstractController:125 ### ITERATION 0 BEGINS
2020-03-12 16:38:13,635  INFO ControlerListenerManagerImpl:145 calling notifyIterationStarts on org.matsim.analysis.LegHistogramListener
2020-03-12 16:38:13,639  INFO ControlerListenerManagerImpl:145 calling notifyIterationStarts on org.matsim.analysis.LinkStatsControlerListener
2020-03-12 16:38:13,644  INFO ControlerListenerManagerImpl:145 calling notifyIterationStarts on org.matsim.project.MyControlerListener
2020-03-12 16:38:13,649  INFO MyControlerListener:12 What will happen in iteration	0?
2020-03-12 16:38:13,654  INFO ControlerListenerManagerImpl:145 calling notifyIterationStarts on org.matsim.core.replanning.ReplanningContextImpl
2020-03-12 16:38:13,666  INFO ControlerListenerManagerImpl:145 calling notifyIterationStarts on org.matsim.core.scoring.ExperiencedPlansServiceImpl$1
2020-03-12 16:38:13,671  INFO ControlerListenerManagerImpl:145 calling notifyIterationStarts on org.matsim.core.scoring.ScoringFunctionsForPopulation$1
2020-03-12 16:38:13,691  INFO ControlerListenerManagerImpl:148 [it.0] all ControlerIterationStartsListeners called.
2020-03-12 16:38:13,692  INFO ControlerListenerManagerImpl:224 calling notifyBeforeMobsim on org.matsim.core.controler.corelisteners.EventsHandlingImpl
2020-03-12 16:38:13,692  INFO EventsManagerImpl:170 resetting Event-Handlers
2020-03-12 16:38:13,693  INFO EventsManagerImpl:177   org.matsim.core.trafficmonitoring.TravelTimeCalculator
2020-03-12 16:38:13,711  INFO EventsManagerImpl:177   org.matsim.core.scoring.EventsToLegsAndActivities
2020-03-12 16:38:13,712  INFO EventsManagerImpl:177   org.matsim.analysis.VolumesAnalyzer
2020-03-12 16:38:13,715  INFO EventsManagerImpl:177   org.matsim.core.scoring.ScoringFunctionsForPopulation
2020-03-12 16:38:13,716  INFO EventsManagerImpl:177   org.matsim.analysis.LegHistogram
2020-03-12 16:38:13,717  INFO EventsManagerImpl:177   org.matsim.analysis.CalcLegTimes
2020-03-12 16:38:13,724  INFO EventsManagerImpl:144 adding Event-Handler: org.matsim.core.events.algorithms.EventWriterXML
2020-03-12 16:38:13,724  INFO EventsManagerImpl:148   org.matsim.core.events.algorithms.EventWriter
2020-03-12 16:38:13,724  INFO EventsManagerImpl:148   org.matsim.core.events.handler.BasicEventHandler
2020-03-12 16:38:13,724  INFO EventsManagerImpl:207     > org.matsim.api.core.v01.events.Event
2020-03-12 16:38:13,728  INFO EventsManagerImpl:156 
2020-03-12 16:38:13,729  INFO EventsManagerImpl:144 adding Event-Handler: org.matsim.core.events.algorithms.EventWriterXML
2020-03-12 16:38:13,729  INFO EventsManagerImpl:148   org.matsim.core.events.algorithms.EventWriter
2020-03-12 16:38:13,730  INFO EventsManagerImpl:148   org.matsim.core.events.handler.BasicEventHandler
2020-03-12 16:38:13,730  INFO EventsManagerImpl:207     > org.matsim.api.core.v01.events.Event
2020-03-12 16:38:13,731  INFO EventsManagerImpl:156 
2020-03-12 16:38:13,731  INFO ControlerListenerManagerImpl:224 calling notifyBeforeMobsim on org.matsim.core.controler.corelisteners.PlansDumpingImpl
2020-03-12 16:38:13,731  INFO PlansDumpingImpl:76 dumping plans...
2020-03-12 16:38:13,745  WARN ObjectAttributesConverter:75 No AttributeConverter found for class java.util.HashMap. Not all attribute values can be converted.
2020-03-12 16:38:13,751  INFO Counter:69 [PopulationWriter] dumped person # 1
2020-03-12 16:38:13,751  INFO PopulationWriter:144 Population written to: ./output02/ITERS/it.0/0.plans.xml.gz
2020-03-12 16:38:13,753  INFO Counter:74 [PopulationWriter] dumped person # 1
2020-03-12 16:38:13,754  INFO PlansDumpingImpl:93 finished plans dump.
2020-03-12 16:38:13,754  INFO ControlerListenerManagerImpl:229 calling notifyBeforeMobsim on org.matsim.core.population.VspPlansCleaner
2020-03-12 16:38:13,755  INFO ControlerListenerManagerImpl:232 [it.0] all ControlerBeforeMobsimListeners called.
2020-03-12 16:38:13,757  INFO PrepareForMobsimImpl:100 Network seems to be multimodal. Create car-only network which is handed over to PersonPrepareForSim.
2020-03-12 16:38:13,757  INFO NetworkImpl:166  node # 1
2020-03-12 16:38:13,759  INFO NetworkImpl:166  node # 4
2020-03-12 16:38:13,759  INFO NetworkImpl:166  node # 16
2020-03-12 16:38:13,759  INFO NetworkImpl:166  node # 64
2020-03-12 16:38:13,759  INFO NetworkImpl:166  node # 256
2020-03-12 16:38:13,760  INFO NetworkImpl:166  node # 1024
2020-03-12 16:38:13,761  INFO NetworkImpl:166  node # 4096
2020-03-12 16:38:13,765  INFO NetworkImpl:166  node # 16384
2020-03-12 16:38:13,797  INFO NetworkImpl:162  link # 1
2020-03-12 16:38:13,803  INFO NetworkImpl:162  link # 4
2020-03-12 16:38:13,807  INFO NetworkImpl:162  link # 16
2020-03-12 16:38:13,811  INFO NetworkImpl:162  link # 64
2020-03-12 16:38:13,816  INFO NetworkImpl:162  link # 256
2020-03-12 16:38:13,825  INFO NetworkImpl:162  link # 1024
2020-03-12 16:38:13,834  INFO NetworkImpl:162  link # 4096
2020-03-12 16:38:13,852  INFO NetworkImpl:162  link # 16384
2020-03-12 16:38:13,969  INFO NetworkImpl:162  link # 65536
2020-03-12 16:38:14,107  INFO Counter:69 [PersonPrepareForSim] handled person # 1
2020-03-12 16:38:14,108  INFO Counter:74 [PersonPrepareForSim] handled person # 1
2020-03-12 16:38:14,376  INFO MobsimListenerManager:49 calling addQueueSimulationListener
2020-03-12 16:38:14,381  INFO MobsimListenerManager:53   assigned class org.matsim.core.mobsim.framework.listeners.MobsimListener to interface org.matsim.core.mobsim.framework.listeners.MobsimAfterSimStepListener
2020-03-12 16:38:14,386  INFO MobsimListenerManager:53   assigned class org.matsim.core.mobsim.framework.listeners.MobsimListener to interface org.matsim.core.mobsim.framework.listeners.MobsimInitializedListener
2020-03-12 16:38:14,391  INFO MobsimListenerManager:53   assigned class org.matsim.core.mobsim.framework.listeners.MobsimListener to interface org.matsim.vis.snapshotwriters.SnapshotWriterManager
2020-03-12 16:38:14,396  INFO MobsimListenerManager:53   assigned class org.matsim.core.mobsim.framework.listeners.MobsimListener to interface org.matsim.core.mobsim.framework.listeners.MobsimBeforeCleanupListener
2020-03-12 16:38:14,401  INFO MobsimListenerManager:53   assigned class org.matsim.core.mobsim.framework.listeners.MobsimListener to interface org.matsim.core.mobsim.framework.listeners.MobsimListener
2020-03-12 16:38:15,249  INFO QSimProvider:102 Added MobsimEngine class org.matsim.core.mobsim.qsim.ActivityEngineDefaultImpl
2020-03-12 16:38:15,249  INFO QSimProvider:108 Added Activityhandler class org.matsim.core.mobsim.qsim.ActivityEngineDefaultImpl
2020-03-12 16:38:15,249  INFO QSimProvider:114 Added DepartureHandler class org.matsim.core.mobsim.qsim.qnetsimengine.VehicularDepartureHandler
2020-03-12 16:38:15,249  INFO QSimProvider:102 Added MobsimEngine class org.matsim.core.mobsim.qsim.qnetsimengine.QNetsimEngine
2020-03-12 16:38:15,250  INFO QSimProvider:102 Added MobsimEngine class org.matsim.core.mobsim.qsim.DefaultTeleportationEngine
2020-03-12 16:38:15,250  INFO QSimProvider:114 Added DepartureHandler class org.matsim.core.mobsim.qsim.DefaultTeleportationEngine
2020-03-12 16:38:15,250  INFO QSimProvider:120 Added AgentSource class org.matsim.core.mobsim.qsim.agents.PopulationAgentSource
2020-03-12 16:38:15,250  INFO MobsimListenerManager:49 calling addQueueSimulationListener
2020-03-12 16:38:15,251  INFO MobsimListenerManager:53   assigned class org.matsim.core.mobsim.framework.listeners.MobsimListener to interface org.matsim.core.mobsim.framework.listeners.MobsimListener
2020-03-12 16:38:15,251  INFO MobsimListenerManager:53   assigned class org.matsim.core.mobsim.framework.listeners.MobsimListener to interface org.matsim.core.mobsim.framework.listeners.MobsimBeforeSimStepListener
2020-03-12 16:38:15,251  INFO MobsimListenerManager:53   assigned class org.matsim.core.mobsim.framework.listeners.MobsimListener to interface org.matsim.core.mobsim.qsim.messagequeueengine.MessageQueueEngine
2020-03-12 16:38:15,251  INFO QSimProvider:126 Added MobsimListener class org.matsim.core.mobsim.qsim.messagequeueengine.MessageQueueEngine
2020-03-12 16:38:15,473  INFO QNetsimEngine:506 Assigned 57650 nodes and 111475 links to QSimEngineRunner #0
2020-03-12 16:38:15,482  INFO EventsManagerImpl:134  event # 1
2020-03-12 16:38:15,501  INFO EventsManagerImpl:134  event # 4
2020-03-12 16:38:15,506  INFO QNetsimEngine:346 SIMULATION (QNetsimEngine) AT 06:00:00 : #links=0 #nodes=1
2020-03-12 16:38:15,510  INFO QSim:531 SIMULATION (NEW QSim) AT 06:00:00 : #Veh=1 lost=0 simT=0.0s realT=1s; (s/r): 0.0
2020-03-12 16:38:15,526  INFO EventsManagerImpl:134  event # 16
2020-03-12 16:38:15,553  INFO EventsManagerImpl:134  event # 64
2020-03-12 16:38:15,629  INFO EventsManagerImpl:134  event # 256
2020-03-12 16:38:15,945  INFO QNetsimEngine:346 SIMULATION (QNetsimEngine) AT 07:00:00 : #links=0 #nodes=0
2020-03-12 16:38:15,950  INFO QSim:531 SIMULATION (NEW QSim) AT 07:00:00 : #Veh=1 lost=0 simT=3600.0s realT=1s; (s/r): 3600.0
2020-03-12 16:38:16,166  INFO QNetsimEngine:346 SIMULATION (QNetsimEngine) AT 08:00:00 : #links=0 #nodes=0
2020-03-12 16:38:16,170  INFO QSim:531 SIMULATION (NEW QSim) AT 08:00:00 : #Veh=1 lost=0 simT=7200.0s realT=1s; (s/r): 7200.0
2020-03-12 16:38:16,446  INFO QNetsimEngine:346 SIMULATION (QNetsimEngine) AT 09:00:00 : #links=0 #nodes=0
2020-03-12 16:38:16,446  INFO QSim:531 SIMULATION (NEW QSim) AT 09:00:00 : #Veh=1 lost=0 simT=10800.0s realT=2s; (s/r): 5400.0
2020-03-12 16:38:16,680  INFO QNetsimEngine:346 SIMULATION (QNetsimEngine) AT 10:00:00 : #links=0 #nodes=0
2020-03-12 16:38:16,680  INFO QSim:531 SIMULATION (NEW QSim) AT 10:00:00 : #Veh=1 lost=0 simT=14400.0s realT=2s; (s/r): 7200.0
2020-03-12 16:38:16,890  INFO QNetsimEngine:346 SIMULATION (QNetsimEngine) AT 11:00:00 : #links=0 #nodes=0
2020-03-12 16:38:16,891  INFO QSim:531 SIMULATION (NEW QSim) AT 11:00:00 : #Veh=1 lost=0 simT=18000.0s realT=2s; (s/r): 9000.0
2020-03-12 16:38:17,107  INFO QNetsimEngine:346 SIMULATION (QNetsimEngine) AT 12:00:00 : #links=0 #nodes=0
2020-03-12 16:38:17,107  INFO QSim:531 SIMULATION (NEW QSim) AT 12:00:00 : #Veh=1 lost=0 simT=21600.0s realT=2s; (s/r): 10800.0
2020-03-12 16:38:17,324  INFO QNetsimEngine:346 SIMULATION (QNetsimEngine) AT 13:00:00 : #links=0 #nodes=0
2020-03-12 16:38:17,324  INFO QSim:531 SIMULATION (NEW QSim) AT 13:00:00 : #Veh=1 lost=0 simT=25200.0s realT=2s; (s/r): 12600.0
2020-03-12 16:38:17,574  INFO QNetsimEngine:346 SIMULATION (QNetsimEngine) AT 14:00:00 : #links=0 #nodes=0
2020-03-12 16:38:17,574  INFO QSim:531 SIMULATION (NEW QSim) AT 14:00:00 : #Veh=1 lost=0 simT=28800.0s realT=3s; (s/r): 9600.0
2020-03-12 16:38:18,016  INFO Gbl:191 Thread performance: Thread=class org.matsim.core.events.SimStepParallelEventsManagerImpl$ProcessEventsRunnable0  cpu-time=0.46875sec
2020-03-12 16:38:18,017  INFO AbstractController$9:221 ### ITERATION 0 fires after mobsim event
2020-03-12 16:38:18,017  INFO ControlerListenerManagerImpl:248 calling notifyAfterMobsim on org.matsim.analysis.LegTimesControlerListener
2020-03-12 16:38:18,019  INFO LegTimesControlerListener:50 [0] average trip (probably: leg) duration is: 773 seconds = 00:12:53
2020-03-12 16:38:18,019  INFO ControlerListenerManagerImpl:248 calling notifyAfterMobsim on org.matsim.core.scoring.EventsToActivities$1
2020-03-12 16:38:18,021  INFO ControlerListenerManagerImpl:251 [it.0] all ControlerAfterMobsimListeners called.
2020-03-12 16:38:18,022  INFO AbstractController$4:150 ### ITERATION 0 fires scoring event
2020-03-12 16:38:18,022  INFO ControlerListenerManagerImpl:183 calling notifyScoring on org.matsim.core.scoring.PlansScoringImpl
2020-03-12 16:38:18,025  INFO NewScoreAssignerImpl:57 it: 0 msaStart: null
2020-03-12 16:38:18,025  INFO ControlerListenerManagerImpl:190 calling notifyScoring on org.matsim.project.MyControlerListener
2020-03-12 16:38:18,025  INFO MyControlerListener:17 Let's evaluate!
2020-03-12 16:38:18,026  INFO ControlerListenerManagerImpl:194 [it.0] all ControlerScoringListeners called.
2020-03-12 16:38:18,026  INFO AbstractController$5:158 ### ITERATION 0 fires iteration end event
2020-03-12 16:38:18,027  INFO ControlerListenerManagerImpl:160 calling notifyIterationEnds on org.matsim.core.controler.corelisteners.EventsHandlingImpl
2020-03-12 16:38:18,028  INFO EventsManagerImpl:161 removing Event-Handler: org.matsim.core.events.algorithms.EventWriterXML
2020-03-12 16:38:18,029  INFO EventsManagerImpl:161 removing Event-Handler: org.matsim.core.events.algorithms.EventWriterXML
2020-03-12 16:38:18,029  INFO ControlerListenerManagerImpl:160 calling notifyIterationEnds on org.matsim.core.scoring.PlansScoringImpl
2020-03-12 16:38:18,029  INFO ControlerListenerManagerImpl:167 calling notifyIterationEnds on org.matsim.counts.CountsControlerListener
2020-03-12 16:38:18,030  INFO ControlerListenerManagerImpl:167 calling notifyIterationEnds on org.matsim.analysis.ModeStatsControlerListener
2020-03-12 16:38:18,031  INFO ModeStatsControlerListener:152 -- mode share of mode bike = 0.0
2020-03-12 16:38:18,031  INFO ModeStatsControlerListener:152 -- mode share of mode car = 1.0
2020-03-12 16:38:18,032  INFO ModeStatsControlerListener:152 -- mode share of mode other = 0.0
2020-03-12 16:38:18,033  INFO ModeStatsControlerListener:152 -- mode share of mode pt = 0.0
2020-03-12 16:38:18,033  INFO ModeStatsControlerListener:152 -- mode share of mode ride = 0.0
2020-03-12 16:38:18,034  INFO ModeStatsControlerListener:152 -- mode share of mode walk = 0.0
2020-03-12 16:38:18,034  INFO ControlerListenerManagerImpl:167 calling notifyIterationEnds on org.matsim.analysis.ScoreStatsControlerListener
2020-03-12 16:38:18,035  INFO ScoreStatsControlerListener:181 -- avg. score of the executed plan of each agent: 132.0504975356887
2020-03-12 16:38:18,035  INFO ScoreStatsControlerListener:182 -- avg. score of the worst plan of each agent: 132.0504975356887
2020-03-12 16:38:18,036  INFO ScoreStatsControlerListener:183 -- avg. of the avg. plan score per agent: 132.0504975356887
2020-03-12 16:38:18,036  INFO ScoreStatsControlerListener:184 -- avg. score of the best plan of each agent: 132.0504975356887
2020-03-12 16:38:18,036  INFO ControlerListenerManagerImpl:167 calling notifyIterationEnds on org.matsim.analysis.TravelDistanceStatsControlerListener
2020-03-12 16:38:18,050  INFO TravelDistanceStats:113 -- average leg distance per plan (executed plans only): 9360.64782042841 meters
2020-03-12 16:38:18,050  INFO TravelDistanceStats:114 average distance per Person (executed plans only): 18721.29564085682 meters
2020-03-12 16:38:18,051  INFO TravelDistanceStats:115 (TravelDistanceStats takes an average over all legs where the simulation reports travelled (network) distances
2020-03-12 16:38:18,051  INFO TravelDistanceStats:116 (and teleported legs whose route contains a distance.)
2020-03-12 16:38:18,058  INFO ControlerListenerManagerImpl:167 calling notifyIterationEnds on org.matsim.analysis.LegHistogramListener
2020-03-12 16:38:18,076  INFO LegHistogramListener:72 number of legs:	2	100%
2020-03-12 16:38:18,082  INFO LegHistogramListener:79 number of car legs:	2	100.0%
2020-03-12 16:38:20,259  INFO ControlerListenerManagerImpl:167 calling notifyIterationEnds on org.matsim.analysis.LinkStatsControlerListener
2020-03-12 16:38:20,260  INFO ControlerListenerManagerImpl:171 [it.0] all ControlerIterationEndsListeners called.
2020-03-12 16:38:20,701  INFO AbstractController:168 ### ITERATION 0 ENDS
2020-03-12 16:38:20,701  INFO AbstractController:169 ###################################################
2020-03-12 16:38:20,701  INFO AbstractController:124 ###################################################
2020-03-12 16:38:20,701  INFO AbstractController:125 ### ITERATION 1 BEGINS
2020-03-12 16:38:20,707  INFO ControlerListenerManagerImpl:145 calling notifyIterationStarts on org.matsim.analysis.LegHistogramListener
2020-03-12 16:38:20,714  INFO ControlerListenerManagerImpl:145 calling notifyIterationStarts on org.matsim.analysis.LinkStatsControlerListener
2020-03-12 16:38:20,718  INFO ControlerListenerManagerImpl:145 calling notifyIterationStarts on org.matsim.project.MyControlerListener
2020-03-12 16:38:20,719  INFO MyControlerListener:12 What will happen in iteration	1?
2020-03-12 16:38:20,719  INFO ControlerListenerManagerImpl:145 calling notifyIterationStarts on org.matsim.core.replanning.ReplanningContextImpl
2020-03-12 16:38:20,719  INFO ControlerListenerManagerImpl:145 calling notifyIterationStarts on org.matsim.core.scoring.ExperiencedPlansServiceImpl$1
2020-03-12 16:38:20,720  INFO ControlerListenerManagerImpl:145 calling notifyIterationStarts on org.matsim.core.scoring.ScoringFunctionsForPopulation$1
2020-03-12 16:38:20,720  INFO ControlerListenerManagerImpl:148 [it.1] all ControlerIterationStartsListeners called.
2020-03-12 16:38:20,721  INFO ControlerListenerManagerImpl:205 calling notifyReplanning on org.matsim.core.controler.corelisteners.PlansReplanningImpl
2020-03-12 16:38:20,728  INFO GenericPlanStrategyImpl:125 Plan-Strategy finished, 1 plans handled. Strategy: BestPlanSelector
2020-03-12 16:38:20,729  INFO AbstractMultithreadedModule:141 [PlanRouter] starting 2 threads, handling 0 plans
2020-03-12 16:38:20,732  INFO AbstractMultithreadedModule:156 [PlanRouter] all 2 threads finished.
2020-03-12 16:38:20,732  INFO GenericPlanStrategyImpl:125 Plan-Strategy finished, 0 plans handled. Strategy: RandomPlanSelector_ReRoute
2020-03-12 16:38:20,733  INFO ControlerListenerManagerImpl:213 [it.1] all ControlerReplanningListeners called.
2020-03-12 16:38:20,733  INFO ControlerListenerManagerImpl:224 calling notifyBeforeMobsim on org.matsim.core.controler.corelisteners.EventsHandlingImpl
2020-03-12 16:38:20,733  INFO EventsManagerImpl:170 resetting Event-Handlers
2020-03-12 16:38:20,733  INFO EventsManagerImpl:177   org.matsim.core.trafficmonitoring.TravelTimeCalculator
2020-03-12 16:38:20,747  INFO EventsManagerImpl:177   org.matsim.core.scoring.EventsToLegsAndActivities
2020-03-12 16:38:20,747  INFO EventsManagerImpl:177   org.matsim.analysis.VolumesAnalyzer
2020-03-12 16:38:20,752  INFO EventsManagerImpl:177   org.matsim.core.scoring.ScoringFunctionsForPopulation
2020-03-12 16:38:20,753  INFO EventsManagerImpl:177   org.matsim.analysis.LegHistogram
2020-03-12 16:38:20,753  INFO EventsManagerImpl:177   org.matsim.analysis.CalcLegTimes
2020-03-12 16:38:20,754  INFO ControlerListenerManagerImpl:224 calling notifyBeforeMobsim on org.matsim.core.controler.corelisteners.PlansDumpingImpl
2020-03-12 16:38:20,754  INFO PlansDumpingImpl:76 dumping plans...
2020-03-12 16:38:20,758  WARN ObjectAttributesConverter:75 No AttributeConverter found for class java.util.HashMap. Not all attribute values can be converted.
2020-03-12 16:38:20,760  INFO Counter:69 [PopulationWriter] dumped person # 1
2020-03-12 16:38:20,761  INFO PopulationWriter:144 Population written to: ./output02/ITERS/it.1/1.plans.xml.gz
2020-03-12 16:38:20,763  INFO Counter:74 [PopulationWriter] dumped person # 1
2020-03-12 16:38:20,763  INFO PlansDumpingImpl:93 finished plans dump.
2020-03-12 16:38:20,763  INFO ControlerListenerManagerImpl:229 calling notifyBeforeMobsim on org.matsim.core.population.VspPlansCleaner
2020-03-12 16:38:20,763  INFO ControlerListenerManagerImpl:232 [it.1] all ControlerBeforeMobsimListeners called.
2020-03-12 16:38:20,765  INFO PrepareForMobsimImpl:100 Network seems to be multimodal. Create car-only network which is handed over to PersonPrepareForSim.
2020-03-12 16:38:20,771  INFO NetworkImpl:166  node # 1
2020-03-12 16:38:20,775  INFO NetworkImpl:166  node # 4
2020-03-12 16:38:20,775  INFO NetworkImpl:166  node # 16
2020-03-12 16:38:20,776  INFO NetworkImpl:166  node # 64
2020-03-12 16:38:20,776  INFO NetworkImpl:166  node # 256
2020-03-12 16:38:20,776  INFO NetworkImpl:166  node # 1024
2020-03-12 16:38:20,777  INFO NetworkImpl:166  node # 4096
2020-03-12 16:38:20,781  INFO NetworkImpl:166  node # 16384
2020-03-12 16:38:20,793  INFO NetworkImpl:162  link # 1
2020-03-12 16:38:20,797  INFO NetworkImpl:162  link # 4
2020-03-12 16:38:20,801  INFO NetworkImpl:162  link # 16
2020-03-12 16:38:20,809  INFO NetworkImpl:162  link # 64
2020-03-12 16:38:20,818  INFO NetworkImpl:162  link # 256
2020-03-12 16:38:20,851  INFO NetworkImpl:162  link # 1024
2020-03-12 16:38:20,910  INFO NetworkImpl:162  link # 4096
2020-03-12 16:38:21,085  INFO NetworkImpl:162  link # 16384
2020-03-12 16:38:21,189  INFO NetworkImpl:162  link # 65536
2020-03-12 16:38:21,426  INFO Counter:69 [PersonPrepareForSim] handled person # 1
2020-03-12 16:38:21,427  INFO Counter:74 [PersonPrepareForSim] handled person # 1
2020-03-12 16:38:21,462  INFO MobsimListenerManager:49 calling addQueueSimulationListener
2020-03-12 16:38:21,462  INFO MobsimListenerManager:53   assigned class org.matsim.core.mobsim.framework.listeners.MobsimListener to interface org.matsim.core.mobsim.framework.listeners.MobsimAfterSimStepListener
2020-03-12 16:38:21,463  INFO MobsimListenerManager:53   assigned class org.matsim.core.mobsim.framework.listeners.MobsimListener to interface org.matsim.core.mobsim.framework.listeners.MobsimInitializedListener
2020-03-12 16:38:21,464  INFO MobsimListenerManager:53   assigned class org.matsim.core.mobsim.framework.listeners.MobsimListener to interface org.matsim.vis.snapshotwriters.SnapshotWriterManager
2020-03-12 16:38:21,464  INFO MobsimListenerManager:53   assigned class org.matsim.core.mobsim.framework.listeners.MobsimListener to interface org.matsim.core.mobsim.framework.listeners.MobsimBeforeCleanupListener
2020-03-12 16:38:21,466  INFO MobsimListenerManager:53   assigned class org.matsim.core.mobsim.framework.listeners.MobsimListener to interface org.matsim.core.mobsim.framework.listeners.MobsimListener
2020-03-12 16:38:22,002  INFO QSimProvider:102 Added MobsimEngine class org.matsim.core.mobsim.qsim.ActivityEngineDefaultImpl
2020-03-12 16:38:22,007  INFO QSimProvider:108 Added Activityhandler class org.matsim.core.mobsim.qsim.ActivityEngineDefaultImpl
2020-03-12 16:38:22,012  INFO QSimProvider:114 Added DepartureHandler class org.matsim.core.mobsim.qsim.qnetsimengine.VehicularDepartureHandler
2020-03-12 16:38:22,016  INFO QSimProvider:102 Added MobsimEngine class org.matsim.core.mobsim.qsim.qnetsimengine.QNetsimEngine
2020-03-12 16:38:22,020  INFO QSimProvider:102 Added MobsimEngine class org.matsim.core.mobsim.qsim.DefaultTeleportationEngine
2020-03-12 16:38:22,025  INFO QSimProvider:114 Added DepartureHandler class org.matsim.core.mobsim.qsim.DefaultTeleportationEngine
2020-03-12 16:38:22,030  INFO QSimProvider:120 Added AgentSource class org.matsim.core.mobsim.qsim.agents.PopulationAgentSource
2020-03-12 16:38:22,035  INFO MobsimListenerManager:49 calling addQueueSimulationListener
2020-03-12 16:38:22,039  INFO MobsimListenerManager:53   assigned class org.matsim.core.mobsim.framework.listeners.MobsimListener to interface org.matsim.core.mobsim.framework.listeners.MobsimListener
2020-03-12 16:38:22,040  INFO MobsimListenerManager:53   assigned class org.matsim.core.mobsim.framework.listeners.MobsimListener to interface org.matsim.core.mobsim.framework.listeners.MobsimBeforeSimStepListener
2020-03-12 16:38:22,040  INFO MobsimListenerManager:53   assigned class org.matsim.core.mobsim.framework.listeners.MobsimListener to interface org.matsim.core.mobsim.qsim.messagequeueengine.MessageQueueEngine
2020-03-12 16:38:22,041  INFO QSimProvider:126 Added MobsimListener class org.matsim.core.mobsim.qsim.messagequeueengine.MessageQueueEngine
2020-03-12 16:38:22,288  INFO QNetsimEngine:506 Assigned 57650 nodes and 111475 links to QSimEngineRunner #0
2020-03-12 16:38:22,294  INFO QNetsimEngine:346 SIMULATION (QNetsimEngine) AT 06:00:00 : #links=0 #nodes=1
2020-03-12 16:38:22,295  INFO QSim:531 SIMULATION (NEW QSim) AT 06:00:00 : #Veh=1 lost=0 simT=0.0s realT=0s; (s/r): 0.0
2020-03-12 16:38:22,369  INFO EventsManagerImpl:134  event # 1024
2020-03-12 16:38:22,806  INFO QNetsimEngine:346 SIMULATION (QNetsimEngine) AT 07:00:00 : #links=0 #nodes=0
2020-03-12 16:38:22,809  INFO QSim:531 SIMULATION (NEW QSim) AT 07:00:00 : #Veh=1 lost=0 simT=3600.0s realT=1s; (s/r): 3600.0
2020-03-12 16:38:23,058  INFO QNetsimEngine:346 SIMULATION (QNetsimEngine) AT 08:00:00 : #links=0 #nodes=0
2020-03-12 16:38:23,058  INFO QSim:531 SIMULATION (NEW QSim) AT 08:00:00 : #Veh=1 lost=0 simT=7200.0s realT=1s; (s/r): 7200.0
2020-03-12 16:38:23,302  INFO QNetsimEngine:346 SIMULATION (QNetsimEngine) AT 09:00:00 : #links=0 #nodes=0
2020-03-12 16:38:23,303  INFO QSim:531 SIMULATION (NEW QSim) AT 09:00:00 : #Veh=1 lost=0 simT=10800.0s realT=1s; (s/r): 10800.0
2020-03-12 16:38:23,511  INFO QNetsimEngine:346 SIMULATION (QNetsimEngine) AT 10:00:00 : #links=0 #nodes=0
2020-03-12 16:38:23,511  INFO QSim:531 SIMULATION (NEW QSim) AT 10:00:00 : #Veh=1 lost=0 simT=14400.0s realT=2s; (s/r): 7200.0
2020-03-12 16:38:23,720  INFO QNetsimEngine:346 SIMULATION (QNetsimEngine) AT 11:00:00 : #links=0 #nodes=0
2020-03-12 16:38:23,720  INFO QSim:531 SIMULATION (NEW QSim) AT 11:00:00 : #Veh=1 lost=0 simT=18000.0s realT=2s; (s/r): 9000.0
2020-03-12 16:38:23,934  INFO QNetsimEngine:346 SIMULATION (QNetsimEngine) AT 12:00:00 : #links=0 #nodes=0
2020-03-12 16:38:23,934  INFO QSim:531 SIMULATION (NEW QSim) AT 12:00:00 : #Veh=1 lost=0 simT=21600.0s realT=2s; (s/r): 10800.0
2020-03-12 16:38:24,142  INFO QNetsimEngine:346 SIMULATION (QNetsimEngine) AT 13:00:00 : #links=0 #nodes=0
2020-03-12 16:38:24,142  INFO QSim:531 SIMULATION (NEW QSim) AT 13:00:00 : #Veh=1 lost=0 simT=25200.0s realT=2s; (s/r): 12600.0
2020-03-12 16:38:24,372  INFO QNetsimEngine:346 SIMULATION (QNetsimEngine) AT 14:00:00 : #links=0 #nodes=0
2020-03-12 16:38:24,372  INFO QSim:531 SIMULATION (NEW QSim) AT 14:00:00 : #Veh=1 lost=0 simT=28800.0s realT=2s; (s/r): 14400.0
2020-03-12 16:38:24,692  INFO Gbl:191 Thread performance: Thread=class org.matsim.core.events.SimStepParallelEventsManagerImpl$ProcessEventsRunnable0  cpu-time=0.328125sec
2020-03-12 16:38:24,693  INFO AbstractController$9:221 ### ITERATION 1 fires after mobsim event
2020-03-12 16:38:24,693  INFO ControlerListenerManagerImpl:248 calling notifyAfterMobsim on org.matsim.analysis.LegTimesControlerListener
2020-03-12 16:38:24,699  INFO LegTimesControlerListener:50 [1] average trip (probably: leg) duration is: 773 seconds = 00:12:53
2020-03-12 16:38:24,700  INFO ControlerListenerManagerImpl:248 calling notifyAfterMobsim on org.matsim.core.scoring.EventsToActivities$1
2020-03-12 16:38:24,700  INFO ControlerListenerManagerImpl:251 [it.1] all ControlerAfterMobsimListeners called.
2020-03-12 16:38:24,700  INFO AbstractController$4:150 ### ITERATION 1 fires scoring event
2020-03-12 16:38:24,701  INFO ControlerListenerManagerImpl:183 calling notifyScoring on org.matsim.core.scoring.PlansScoringImpl
2020-03-12 16:38:24,701  INFO NewScoreAssignerImpl:57 it: 1 msaStart: null
2020-03-12 16:38:24,701  INFO ControlerListenerManagerImpl:190 calling notifyScoring on org.matsim.project.MyControlerListener
2020-03-12 16:38:24,701  INFO MyControlerListener:17 Let's evaluate!
2020-03-12 16:38:24,701  INFO ControlerListenerManagerImpl:194 [it.1] all ControlerScoringListeners called.
2020-03-12 16:38:24,702  INFO AbstractController$5:158 ### ITERATION 1 fires iteration end event
2020-03-12 16:38:24,702  INFO ControlerListenerManagerImpl:160 calling notifyIterationEnds on org.matsim.core.controler.corelisteners.EventsHandlingImpl
2020-03-12 16:38:24,703  INFO ControlerListenerManagerImpl:160 calling notifyIterationEnds on org.matsim.core.scoring.PlansScoringImpl
2020-03-12 16:38:24,703  INFO ControlerListenerManagerImpl:167 calling notifyIterationEnds on org.matsim.counts.CountsControlerListener
2020-03-12 16:38:24,704  INFO ControlerListenerManagerImpl:167 calling notifyIterationEnds on org.matsim.analysis.ModeStatsControlerListener
2020-03-12 16:38:24,704  INFO ModeStatsControlerListener:152 -- mode share of mode bike = 0.0
2020-03-12 16:38:24,704  INFO ModeStatsControlerListener:152 -- mode share of mode car = 1.0
2020-03-12 16:38:24,705  INFO ModeStatsControlerListener:152 -- mode share of mode other = 0.0
2020-03-12 16:38:24,705  INFO ModeStatsControlerListener:152 -- mode share of mode pt = 0.0
2020-03-12 16:38:24,705  INFO ModeStatsControlerListener:152 -- mode share of mode ride = 0.0
2020-03-12 16:38:24,705  INFO ModeStatsControlerListener:152 -- mode share of mode walk = 0.0
2020-03-12 16:38:25,111  INFO ControlerListenerManagerImpl:167 calling notifyIterationEnds on org.matsim.analysis.ScoreStatsControlerListener
2020-03-12 16:38:25,115  INFO ScoreStatsControlerListener:181 -- avg. score of the executed plan of each agent: 132.0504975356887
2020-03-12 16:38:25,120  INFO ScoreStatsControlerListener:182 -- avg. score of the worst plan of each agent: 132.0504975356887
2020-03-12 16:38:25,123  INFO ScoreStatsControlerListener:183 -- avg. of the avg. plan score per agent: 132.0504975356887
2020-03-12 16:38:25,130  INFO ScoreStatsControlerListener:184 -- avg. score of the best plan of each agent: 132.0504975356887
2020-03-12 16:38:25,387  INFO ControlerListenerManagerImpl:167 calling notifyIterationEnds on org.matsim.analysis.TravelDistanceStatsControlerListener
2020-03-12 16:38:25,392  INFO TravelDistanceStats:113 -- average leg distance per plan (executed plans only): 9360.64782042841 meters
2020-03-12 16:38:25,399  INFO TravelDistanceStats:114 average distance per Person (executed plans only): 18721.29564085682 meters
2020-03-12 16:38:25,404  INFO TravelDistanceStats:115 (TravelDistanceStats takes an average over all legs where the simulation reports travelled (network) distances
2020-03-12 16:38:25,409  INFO TravelDistanceStats:116 (and teleported legs whose route contains a distance.)
2020-03-12 16:38:25,607  INFO ControlerListenerManagerImpl:167 calling notifyIterationEnds on org.matsim.analysis.LegHistogramListener
2020-03-12 16:38:25,620  INFO LegHistogramListener:72 number of legs:	2	100%
2020-03-12 16:38:25,624  INFO LegHistogramListener:79 number of car legs:	2	100.0%
2020-03-12 16:38:26,024  INFO ControlerListenerManagerImpl:167 calling notifyIterationEnds on org.matsim.analysis.LinkStatsControlerListener
2020-03-12 16:38:26,024  INFO ControlerListenerManagerImpl:171 [it.1] all ControlerIterationEndsListeners called.
2020-03-12 16:38:26,165  INFO AbstractController:168 ### ITERATION 1 ENDS
2020-03-12 16:38:26,165  INFO AbstractController:169 ###################################################
2020-03-12 16:38:26,166  INFO AbstractController:124 ###################################################
2020-03-12 16:38:26,167  INFO AbstractController:125 ### ITERATION 2 BEGINS
2020-03-12 16:38:26,168  INFO ControlerListenerManagerImpl:145 calling notifyIterationStarts on org.matsim.analysis.LegHistogramListener
2020-03-12 16:38:26,168  INFO ControlerListenerManagerImpl:145 calling notifyIterationStarts on org.matsim.analysis.LinkStatsControlerListener
2020-03-12 16:38:26,169  INFO ControlerListenerManagerImpl:145 calling notifyIterationStarts on org.matsim.project.MyControlerListener
2020-03-12 16:38:26,170  INFO MyControlerListener:12 What will happen in iteration	2?
2020-03-12 16:38:26,170  INFO ControlerListenerManagerImpl:145 calling notifyIterationStarts on org.matsim.core.replanning.ReplanningContextImpl
2020-03-12 16:38:26,170  INFO ControlerListenerManagerImpl:145 calling notifyIterationStarts on org.matsim.core.scoring.ExperiencedPlansServiceImpl$1
2020-03-12 16:38:26,170  INFO ControlerListenerManagerImpl:145 calling notifyIterationStarts on org.matsim.core.scoring.ScoringFunctionsForPopulation$1
2020-03-12 16:38:26,171  INFO ControlerListenerManagerImpl:148 [it.2] all ControlerIterationStartsListeners called.
2020-03-12 16:38:26,172  INFO ControlerListenerManagerImpl:205 calling notifyReplanning on org.matsim.core.controler.corelisteners.PlansReplanningImpl
2020-03-12 16:38:26,174  INFO GenericPlanStrategyImpl:125 Plan-Strategy finished, 1 plans handled. Strategy: BestPlanSelector
2020-03-12 16:38:26,176  INFO AbstractMultithreadedModule:141 [PlanRouter] starting 2 threads, handling 0 plans
2020-03-12 16:38:26,179  INFO AbstractMultithreadedModule:156 [PlanRouter] all 2 threads finished.
2020-03-12 16:38:26,179  INFO GenericPlanStrategyImpl:125 Plan-Strategy finished, 0 plans handled. Strategy: RandomPlanSelector_ReRoute
2020-03-12 16:38:26,180  INFO ControlerListenerManagerImpl:213 [it.2] all ControlerReplanningListeners called.
2020-03-12 16:38:26,180  INFO ControlerListenerManagerImpl:224 calling notifyBeforeMobsim on org.matsim.core.controler.corelisteners.EventsHandlingImpl
2020-03-12 16:38:26,180  INFO EventsManagerImpl:170 resetting Event-Handlers
2020-03-12 16:38:26,180  INFO EventsManagerImpl:177   org.matsim.core.trafficmonitoring.TravelTimeCalculator
2020-03-12 16:38:26,191  INFO EventsManagerImpl:177   org.matsim.core.scoring.EventsToLegsAndActivities
2020-03-12 16:38:26,191  INFO EventsManagerImpl:177   org.matsim.analysis.VolumesAnalyzer
2020-03-12 16:38:26,192  INFO EventsManagerImpl:177   org.matsim.core.scoring.ScoringFunctionsForPopulation
2020-03-12 16:38:26,192  INFO EventsManagerImpl:177   org.matsim.analysis.LegHistogram
2020-03-12 16:38:26,193  INFO EventsManagerImpl:177   org.matsim.analysis.CalcLegTimes
2020-03-12 16:38:26,195  INFO EventsManagerImpl:144 adding Event-Handler: org.matsim.core.events.algorithms.EventWriterXML
2020-03-12 16:38:26,196  INFO EventsManagerImpl:148   org.matsim.core.events.algorithms.EventWriter
2020-03-12 16:38:26,196  INFO EventsManagerImpl:148   org.matsim.core.events.handler.BasicEventHandler
2020-03-12 16:38:26,196  INFO EventsManagerImpl:207     > org.matsim.api.core.v01.events.Event
2020-03-12 16:38:26,197  INFO EventsManagerImpl:156 
2020-03-12 16:38:26,197  INFO EventsManagerImpl:144 adding Event-Handler: org.matsim.core.events.algorithms.EventWriterXML
2020-03-12 16:38:26,197  INFO EventsManagerImpl:148   org.matsim.core.events.algorithms.EventWriter
2020-03-12 16:38:26,197  INFO EventsManagerImpl:148   org.matsim.core.events.handler.BasicEventHandler
2020-03-12 16:38:26,197  INFO EventsManagerImpl:207     > org.matsim.api.core.v01.events.Event
2020-03-12 16:38:26,197  INFO EventsManagerImpl:156 
2020-03-12 16:38:26,198  INFO ControlerListenerManagerImpl:224 calling notifyBeforeMobsim on org.matsim.core.controler.corelisteners.PlansDumpingImpl
2020-03-12 16:38:26,199  INFO ControlerListenerManagerImpl:229 calling notifyBeforeMobsim on org.matsim.core.population.VspPlansCleaner
2020-03-12 16:38:26,200  INFO ControlerListenerManagerImpl:232 [it.2] all ControlerBeforeMobsimListeners called.
2020-03-12 16:38:26,200  INFO PrepareForMobsimImpl:100 Network seems to be multimodal. Create car-only network which is handed over to PersonPrepareForSim.
2020-03-12 16:38:26,201  INFO NetworkImpl:166  node # 1
2020-03-12 16:38:26,201  INFO NetworkImpl:166  node # 4
2020-03-12 16:38:26,202  INFO NetworkImpl:166  node # 16
2020-03-12 16:38:26,203  INFO NetworkImpl:166  node # 64
2020-03-12 16:38:26,203  INFO NetworkImpl:166  node # 256
2020-03-12 16:38:26,203  INFO NetworkImpl:166  node # 1024
2020-03-12 16:38:26,204  INFO NetworkImpl:166  node # 4096
2020-03-12 16:38:26,212  INFO NetworkImpl:166  node # 16384
2020-03-12 16:38:26,226  INFO NetworkImpl:162  link # 1
2020-03-12 16:38:26,227  INFO NetworkImpl:162  link # 4
2020-03-12 16:38:26,227  INFO NetworkImpl:162  link # 16
2020-03-12 16:38:26,227  INFO NetworkImpl:162  link # 64
2020-03-12 16:38:26,228  INFO NetworkImpl:162  link # 256
2020-03-12 16:38:26,231  INFO NetworkImpl:162  link # 1024
2020-03-12 16:38:26,238  INFO NetworkImpl:162  link # 4096
2020-03-12 16:38:26,263  INFO NetworkImpl:162  link # 16384
2020-03-12 16:38:26,356  INFO NetworkImpl:162  link # 65536
2020-03-12 16:38:26,659  INFO Counter:69 [PersonPrepareForSim] handled person # 1
2020-03-12 16:38:26,659  INFO Counter:74 [PersonPrepareForSim] handled person # 1
2020-03-12 16:38:26,707  INFO MobsimListenerManager:49 calling addQueueSimulationListener
2020-03-12 16:38:26,710  INFO MobsimListenerManager:53   assigned class org.matsim.core.mobsim.framework.listeners.MobsimListener to interface org.matsim.core.mobsim.framework.listeners.MobsimAfterSimStepListener
2020-03-12 16:38:26,711  INFO MobsimListenerManager:53   assigned class org.matsim.core.mobsim.framework.listeners.MobsimListener to interface org.matsim.core.mobsim.framework.listeners.MobsimInitializedListener
2020-03-12 16:38:26,712  INFO MobsimListenerManager:53   assigned class org.matsim.core.mobsim.framework.listeners.MobsimListener to interface org.matsim.vis.snapshotwriters.SnapshotWriterManager
2020-03-12 16:38:26,712  INFO MobsimListenerManager:53   assigned class org.matsim.core.mobsim.framework.listeners.MobsimListener to interface org.matsim.core.mobsim.framework.listeners.MobsimBeforeCleanupListener
2020-03-12 16:38:26,715  INFO MobsimListenerManager:53   assigned class org.matsim.core.mobsim.framework.listeners.MobsimListener to interface org.matsim.core.mobsim.framework.listeners.MobsimListener
2020-03-12 16:38:27,189  INFO QSimProvider:102 Added MobsimEngine class org.matsim.core.mobsim.qsim.ActivityEngineDefaultImpl
2020-03-12 16:38:27,189  INFO QSimProvider:108 Added Activityhandler class org.matsim.core.mobsim.qsim.ActivityEngineDefaultImpl
2020-03-12 16:38:27,190  INFO QSimProvider:114 Added DepartureHandler class org.matsim.core.mobsim.qsim.qnetsimengine.VehicularDepartureHandler
2020-03-12 16:38:27,190  INFO QSimProvider:102 Added MobsimEngine class org.matsim.core.mobsim.qsim.qnetsimengine.QNetsimEngine
2020-03-12 16:38:27,190  INFO QSimProvider:102 Added MobsimEngine class org.matsim.core.mobsim.qsim.DefaultTeleportationEngine
2020-03-12 16:38:27,190  INFO QSimProvider:114 Added DepartureHandler class org.matsim.core.mobsim.qsim.DefaultTeleportationEngine
2020-03-12 16:38:27,191  INFO QSimProvider:120 Added AgentSource class org.matsim.core.mobsim.qsim.agents.PopulationAgentSource
2020-03-12 16:38:27,191  INFO MobsimListenerManager:49 calling addQueueSimulationListener
2020-03-12 16:38:27,191  INFO MobsimListenerManager:53   assigned class org.matsim.core.mobsim.framework.listeners.MobsimListener to interface org.matsim.core.mobsim.framework.listeners.MobsimListener
2020-03-12 16:38:27,191  INFO MobsimListenerManager:53   assigned class org.matsim.core.mobsim.framework.listeners.MobsimListener to interface org.matsim.core.mobsim.framework.listeners.MobsimBeforeSimStepListener
2020-03-12 16:38:27,191  INFO MobsimListenerManager:53   assigned class org.matsim.core.mobsim.framework.listeners.MobsimListener to interface org.matsim.core.mobsim.qsim.messagequeueengine.MessageQueueEngine
2020-03-12 16:38:27,191  INFO QSimProvider:126 Added MobsimListener class org.matsim.core.mobsim.qsim.messagequeueengine.MessageQueueEngine
2020-03-12 16:38:27,308  INFO QNetsimEngine:506 Assigned 57650 nodes and 111475 links to QSimEngineRunner #0
2020-03-12 16:38:27,310  INFO QNetsimEngine:346 SIMULATION (QNetsimEngine) AT 06:00:00 : #links=0 #nodes=1
2020-03-12 16:38:27,310  INFO QSim:531 SIMULATION (NEW QSim) AT 06:00:00 : #Veh=1 lost=0 simT=0.0s realT=0s; (s/r): 0.0
2020-03-12 16:38:27,571  INFO QNetsimEngine:346 SIMULATION (QNetsimEngine) AT 07:00:00 : #links=0 #nodes=0
2020-03-12 16:38:27,572  INFO QSim:531 SIMULATION (NEW QSim) AT 07:00:00 : #Veh=1 lost=0 simT=3600.0s realT=0s; (s/r): Infinity
2020-03-12 16:38:27,770  INFO QNetsimEngine:346 SIMULATION (QNetsimEngine) AT 08:00:00 : #links=0 #nodes=0
2020-03-12 16:38:27,771  INFO QSim:531 SIMULATION (NEW QSim) AT 08:00:00 : #Veh=1 lost=0 simT=7200.0s realT=1s; (s/r): 7200.0
2020-03-12 16:38:27,966  INFO QNetsimEngine:346 SIMULATION (QNetsimEngine) AT 09:00:00 : #links=0 #nodes=0
2020-03-12 16:38:27,967  INFO QSim:531 SIMULATION (NEW QSim) AT 09:00:00 : #Veh=1 lost=0 simT=10800.0s realT=1s; (s/r): 10800.0
2020-03-12 16:38:28,232  INFO QNetsimEngine:346 SIMULATION (QNetsimEngine) AT 10:00:00 : #links=0 #nodes=0
2020-03-12 16:38:28,232  INFO QSim:531 SIMULATION (NEW QSim) AT 10:00:00 : #Veh=1 lost=0 simT=14400.0s realT=1s; (s/r): 14400.0
2020-03-12 16:38:28,470  INFO QNetsimEngine:346 SIMULATION (QNetsimEngine) AT 11:00:00 : #links=0 #nodes=0
2020-03-12 16:38:28,470  INFO QSim:531 SIMULATION (NEW QSim) AT 11:00:00 : #Veh=1 lost=0 simT=18000.0s realT=1s; (s/r): 18000.0
2020-03-12 16:38:28,668  INFO QNetsimEngine:346 SIMULATION (QNetsimEngine) AT 12:00:00 : #links=0 #nodes=0
2020-03-12 16:38:28,668  INFO QSim:531 SIMULATION (NEW QSim) AT 12:00:00 : #Veh=1 lost=0 simT=21600.0s realT=1s; (s/r): 21600.0
2020-03-12 16:38:28,873  INFO QNetsimEngine:346 SIMULATION (QNetsimEngine) AT 13:00:00 : #links=0 #nodes=0
2020-03-12 16:38:28,873  INFO QSim:531 SIMULATION (NEW QSim) AT 13:00:00 : #Veh=1 lost=0 simT=25200.0s realT=2s; (s/r): 12600.0
2020-03-12 16:38:29,071  INFO QNetsimEngine:346 SIMULATION (QNetsimEngine) AT 14:00:00 : #links=0 #nodes=0
2020-03-12 16:38:29,071  INFO QSim:531 SIMULATION (NEW QSim) AT 14:00:00 : #Veh=1 lost=0 simT=28800.0s realT=2s; (s/r): 14400.0
2020-03-12 16:38:29,458  INFO AbstractController$9:221 ### ITERATION 2 fires after mobsim event
2020-03-12 16:38:29,459  INFO ControlerListenerManagerImpl:248 calling notifyAfterMobsim on org.matsim.analysis.LegTimesControlerListener
2020-03-12 16:38:29,458  INFO Gbl:191 Thread performance: Thread=class org.matsim.core.events.SimStepParallelEventsManagerImpl$ProcessEventsRunnable0  cpu-time=0.34375sec
2020-03-12 16:38:29,461  INFO LegTimesControlerListener:50 [2] average trip (probably: leg) duration is: 773 seconds = 00:12:53
2020-03-12 16:38:29,462  INFO ControlerListenerManagerImpl:248 calling notifyAfterMobsim on org.matsim.core.scoring.EventsToActivities$1
2020-03-12 16:38:29,463  INFO ControlerListenerManagerImpl:251 [it.2] all ControlerAfterMobsimListeners called.
2020-03-12 16:38:29,463  INFO AbstractController$4:150 ### ITERATION 2 fires scoring event
2020-03-12 16:38:29,463  INFO ControlerListenerManagerImpl:183 calling notifyScoring on org.matsim.core.scoring.PlansScoringImpl
2020-03-12 16:38:29,464  INFO NewScoreAssignerImpl:57 it: 2 msaStart: null
2020-03-12 16:38:29,464  INFO ControlerListenerManagerImpl:190 calling notifyScoring on org.matsim.project.MyControlerListener
2020-03-12 16:38:29,465  INFO MyControlerListener:17 Let's evaluate!
2020-03-12 16:38:29,465  INFO ControlerListenerManagerImpl:194 [it.2] all ControlerScoringListeners called.
2020-03-12 16:38:29,465  INFO AbstractController$5:158 ### ITERATION 2 fires iteration end event
2020-03-12 16:38:29,465  INFO ControlerListenerManagerImpl:160 calling notifyIterationEnds on org.matsim.core.controler.corelisteners.EventsHandlingImpl
2020-03-12 16:38:29,471  INFO EventsManagerImpl:161 removing Event-Handler: org.matsim.core.events.algorithms.EventWriterXML
2020-03-12 16:38:29,471  INFO EventsManagerImpl:161 removing Event-Handler: org.matsim.core.events.algorithms.EventWriterXML
2020-03-12 16:38:29,472  INFO ControlerListenerManagerImpl:160 calling notifyIterationEnds on org.matsim.core.scoring.PlansScoringImpl
2020-03-12 16:38:29,472  INFO ControlerListenerManagerImpl:167 calling notifyIterationEnds on org.matsim.counts.CountsControlerListener
2020-03-12 16:38:29,472  INFO ControlerListenerManagerImpl:167 calling notifyIterationEnds on org.matsim.analysis.ModeStatsControlerListener
2020-03-12 16:38:29,472  INFO ModeStatsControlerListener:152 -- mode share of mode bike = 0.0
2020-03-12 16:38:29,473  INFO ModeStatsControlerListener:152 -- mode share of mode car = 1.0
2020-03-12 16:38:29,473  INFO ModeStatsControlerListener:152 -- mode share of mode other = 0.0
2020-03-12 16:38:29,473  INFO ModeStatsControlerListener:152 -- mode share of mode pt = 0.0
2020-03-12 16:38:29,473  INFO ModeStatsControlerListener:152 -- mode share of mode ride = 0.0
2020-03-12 16:38:29,474  INFO ModeStatsControlerListener:152 -- mode share of mode walk = 0.0
2020-03-12 16:38:29,553  INFO ControlerListenerManagerImpl:167 calling notifyIterationEnds on org.matsim.analysis.ScoreStatsControlerListener
2020-03-12 16:38:29,554  INFO ScoreStatsControlerListener:181 -- avg. score of the executed plan of each agent: 132.0504975356887
2020-03-12 16:38:29,554  INFO ScoreStatsControlerListener:182 -- avg. score of the worst plan of each agent: 132.0504975356887
2020-03-12 16:38:29,554  INFO ScoreStatsControlerListener:183 -- avg. of the avg. plan score per agent: 132.0504975356887
2020-03-12 16:38:29,554  INFO ScoreStatsControlerListener:184 -- avg. score of the best plan of each agent: 132.0504975356887
2020-03-12 16:38:29,625  INFO ControlerListenerManagerImpl:167 calling notifyIterationEnds on org.matsim.analysis.TravelDistanceStatsControlerListener
2020-03-12 16:38:29,625  INFO TravelDistanceStats:113 -- average leg distance per plan (executed plans only): 9360.64782042841 meters
2020-03-12 16:38:29,626  INFO TravelDistanceStats:114 average distance per Person (executed plans only): 18721.29564085682 meters
2020-03-12 16:38:29,626  INFO TravelDistanceStats:115 (TravelDistanceStats takes an average over all legs where the simulation reports travelled (network) distances
2020-03-12 16:38:29,626  INFO TravelDistanceStats:116 (and teleported legs whose route contains a distance.)
2020-03-12 16:38:29,693  INFO ControlerListenerManagerImpl:167 calling notifyIterationEnds on org.matsim.analysis.LegHistogramListener
2020-03-12 16:38:29,698  INFO LegHistogramListener:72 number of legs:	2	100%
2020-03-12 16:38:29,698  INFO LegHistogramListener:79 number of car legs:	2	100.0%
2020-03-12 16:38:30,010  INFO ControlerListenerManagerImpl:167 calling notifyIterationEnds on org.matsim.analysis.LinkStatsControlerListener
2020-03-12 16:38:30,010  INFO ControlerListenerManagerImpl:171 [it.2] all ControlerIterationEndsListeners called.
2020-03-12 16:38:30,141  INFO AbstractController:168 ### ITERATION 2 ENDS
2020-03-12 16:38:30,142  INFO AbstractController:169 ###################################################
2020-03-12 16:38:30,142  INFO MatsimRuntimeModifications:79 S H U T D O W N   ---   start shutdown.
2020-03-12 16:38:30,143  INFO ControlerListenerManagerImpl:121 calling notifyShutdown on org.matsim.core.controler.corelisteners.EventsHandlingImpl
2020-03-12 16:38:30,143  INFO ControlerListenerManagerImpl:121 calling notifyShutdown on org.matsim.core.controler.corelisteners.DumpDataAtEndImpl
2020-03-12 16:38:30,145  WARN ObjectAttributesConverter:75 No AttributeConverter found for class java.util.HashMap. Not all attribute values can be converted.
2020-03-12 16:38:30,152  INFO Counter:69 [PopulationWriter] dumped person # 1
2020-03-12 16:38:30,153  INFO PopulationWriter:144 Population written to: ./output02/output_plans.xml.gz
2020-03-12 16:38:30,154  INFO Counter:74 [PopulationWriter] dumped person # 1
2020-03-12 16:38:30,161  INFO NetworkWriter:69 Writing network to file: ./output02/output_network.xml.gz...
2020-03-12 16:38:31,718  INFO NetworkWriter:72 done.
2020-03-12 16:38:31,729  INFO Config:572 setting context to [file:/C:/Users/Christian/Entwicklung/matsim-example-project/scenarios/Leipzig/]
2020-03-12 16:38:31,737  INFO Config:572 setting context to [file:/C:/Users/Christian/Entwicklung/matsim-example-project/scenarios/Leipzig/]
2020-03-12 16:38:31,745  INFO Config:572 setting context to [file:/C:/Users/Christian/Entwicklung/matsim-example-project/scenarios/Leipzig/]
2020-03-12 16:38:31,752  INFO Config:572 setting context to [file:/C:/Users/Christian/Entwicklung/matsim-example-project/scenarios/Leipzig/]
2020-03-12 16:38:31,767  INFO Config:572 setting context to [file:/C:/Users/Christian/Entwicklung/matsim-example-project/scenarios/Leipzig/]
2020-03-12 16:38:31,775  INFO Config:572 setting context to [file:/C:/Users/Christian/Entwicklung/matsim-example-project/scenarios/Leipzig/]
2020-03-12 16:38:31,782  INFO Config:572 setting context to [file:/C:/Users/Christian/Entwicklung/matsim-example-project/scenarios/Leipzig/]
2020-03-12 16:38:31,795  INFO Config:572 setting context to [file:/C:/Users/Christian/Entwicklung/matsim-example-project/scenarios/Leipzig/]
2020-03-12 16:38:31,807  INFO Config:572 setting context to [file:/C:/Users/Christian/Entwicklung/matsim-example-project/scenarios/Leipzig/]
2020-03-12 16:38:31,819  INFO Config:572 setting context to [file:/C:/Users/Christian/Entwicklung/matsim-example-project/scenarios/Leipzig/]
2020-03-12 16:38:31,828  INFO Config:572 setting context to [file:/C:/Users/Christian/Entwicklung/matsim-example-project/scenarios/Leipzig/]
2020-03-12 16:38:31,833  INFO Config:572 setting context to [file:/C:/Users/Christian/Entwicklung/matsim-example-project/scenarios/Leipzig/]
2020-03-12 16:38:31,849  INFO Config:572 setting context to [file:/C:/Users/Christian/Entwicklung/matsim-example-project/scenarios/Leipzig/]
2020-03-12 16:38:31,854  INFO Config:572 setting context to [file:/C:/Users/Christian/Entwicklung/matsim-example-project/scenarios/Leipzig/]
2020-03-12 16:38:31,861  INFO Config:572 setting context to [file:/C:/Users/Christian/Entwicklung/matsim-example-project/scenarios/Leipzig/]
2020-03-12 16:38:31,869  INFO Config:572 setting context to [file:/C:/Users/Christian/Entwicklung/matsim-example-project/scenarios/Leipzig/]
2020-03-12 16:38:31,887  INFO Config:572 setting context to [file:/C:/Users/Christian/Entwicklung/matsim-example-project/scenarios/Leipzig/]
2020-03-12 16:38:31,893  INFO Config:572 setting context to [file:/C:/Users/Christian/Entwicklung/matsim-example-project/scenarios/Leipzig/]
2020-03-12 16:38:31,899  INFO Config:572 setting context to [file:/C:/Users/Christian/Entwicklung/matsim-example-project/scenarios/Leipzig/]
2020-03-12 16:38:31,902  INFO Config:572 setting context to [file:/C:/Users/Christian/Entwicklung/matsim-example-project/scenarios/Leipzig/]
2020-03-12 16:38:31,906  INFO Config:572 setting context to [file:/C:/Users/Christian/Entwicklung/matsim-example-project/scenarios/Leipzig/]
2020-03-12 16:38:31,913  INFO Config:572 setting context to [file:/C:/Users/Christian/Entwicklung/matsim-example-project/scenarios/Leipzig/]
2020-03-12 16:38:31,918  INFO Config:572 setting context to [file:/C:/Users/Christian/Entwicklung/matsim-example-project/scenarios/Leipzig/]
2020-03-12 16:38:31,923  INFO Config:572 setting context to [file:/C:/Users/Christian/Entwicklung/matsim-example-project/scenarios/Leipzig/]
2020-03-12 16:38:31,949  INFO MatsimVehicleWriter:54 about to write vehicles to: ./output02/output_vehicles.xml.gz
2020-03-12 16:38:31,953  INFO VehicleWriterV2:58 about to write vehicles to: ./output02/output_vehicles.xml.gz
2020-03-12 16:38:31,965  INFO HouseholdsWriterV10:66 about to write  households to: ./output02/output_households.xml.gz
2020-03-12 16:38:31,971  INFO Counter:74 [HouseholdsWriter] wrote household # 0
2020-03-12 16:38:31,976  INFO LanesWriter:72 about to write lanes to: ./output02/output_lanes.xml.gz
2020-03-12 16:38:32,388  INFO ControlerListenerManagerImpl:126 calling notifyShutdown on org.matsim.analysis.ModeStatsControlerListener
2020-03-12 16:38:32,389  INFO ControlerListenerManagerImpl:126 calling notifyShutdown on org.matsim.analysis.ScoreStatsControlerListener
2020-03-12 16:38:32,390  INFO ControlerListenerManagerImpl:126 calling notifyShutdown on org.matsim.analysis.TravelDistanceStatsControlerListener
2020-03-12 16:38:32,475  INFO ControlerListenerManagerImpl:126 calling notifyShutdown on org.matsim.project.MyControlerListener
2020-03-12 16:38:32,475  INFO MyControlerListener:27 Bye, it's over!
2020-03-12 16:38:32,475  INFO ControlerListenerManagerImpl:129 all ControlerShutdownListeners called.
2020-03-12 16:38:32,475  INFO MatsimRuntimeModifications:102 S H U T D O W N   ---   shutdown completed.
2020-03-12 16:38:32,476  INFO OutputDirectoryLogging:146 closing the logfile, i.e. messages sent to the logger after this message are not written to the logfile.
